2025-07-10 16:21:20,799 - INFO - 打开红杏 url
2025-07-10 16:21:23,011 - INFO - g1sdflsdfo3
2025-07-10 16:21:23,069 - INFO - <ChromiumElement select class='outline-none border-0 bg-transparent text-default-700 bg-background' id='emailSuffix' name='emailSuffix'>
2025-07-10 16:21:25,282 - INFO - 连接网易服务器
2025-07-10 16:21:25,283 - INFO - 发送command命令
2025-07-10 16:21:25,850 - INFO - 登录邮箱服务器
2025-07-10 16:21:26,097 - INFO - 检查收件箱
2025-07-10 16:21:26,344 - INFO - 共找到 196 封邮件
2025-07-10 16:21:28,813 - INFO - 获取邮箱字节数据
2025-07-10 16:21:28,815 - INFO - 原始主题: =?utf-8?Q?=E7=B4=85=E6=9D=8F=2Eco=E9=82=AE=E7=AE=B1=E9=AA=8C?=
 =?utf-8?Q?=E8=AF=81=E7=A0=81=3A693693?=
2025-07-10 16:21:28,818 - INFO - 解码后主题: 紅杏.co邮箱验证码:693693
2025-07-10 16:21:28,818 - INFO - 验证码是:693693
2025-07-10 16:21:30,096 - INFO - res
2025-07-10 16:27:37,008 - INFO - 打开红杏 url
2025-07-10 16:27:38,903 - INFO - h1kgihjf3
2025-07-10 16:28:01,972 - INFO - 连接网易服务器
2025-07-10 16:28:01,979 - INFO - 发送command命令
2025-07-10 16:28:02,465 - INFO - 登录邮箱服务器
2025-07-10 16:28:02,661 - INFO - 检查收件箱
2025-07-10 16:28:02,864 - INFO - 共找到 196 封邮件
2025-07-10 16:28:04,847 - INFO - 获取邮箱字节数据
2025-07-10 16:28:04,847 - INFO - 原始主题: =?utf-8?Q?=E7=B4=85=E6=9D=8F=2Eco=E9=82=AE=E7=AE=B1=E9=AA=8C?=
 =?utf-8?Q?=E8=AF=81=E7=A0=81=3A693693?=
2025-07-10 16:28:04,862 - INFO - 解码后主题: 紅杏.co邮箱验证码:693693
2025-07-10 16:28:04,862 - INFO - 验证码是:693693
2025-07-10 16:28:06,272 - INFO - {'success': False, 'data': '邮箱验证码有误'}
2025-07-10 16:31:56,424 - INFO - 打开红杏 url
2025-07-10 16:31:59,164 - INFO - 默认值
2025-07-10 16:32:22,381 - INFO - 连接网易服务器
2025-07-10 16:32:22,381 - INFO - 发送command命令
2025-07-10 16:32:22,935 - INFO - 登录邮箱服务器
2025-07-10 16:32:23,120 - INFO - 检查收件箱
2025-07-10 16:32:23,301 - INFO - 共找到 196 封邮件
2025-07-10 16:32:26,442 - INFO - 获取邮箱字节数据
2025-07-10 16:32:26,443 - INFO - 原始主题: =?utf-8?Q?=E7=B4=85=E6=9D=8F=2Eco=E9=82=AE=E7=AE=B1=E9=AA=8C?=
 =?utf-8?Q?=E8=AF=81=E7=A0=81=3A693693?=
2025-07-10 16:32:26,446 - INFO - 解码后主题: 紅杏.co邮箱验证码:693693
2025-07-10 16:32:26,446 - INFO - 验证码是:693693
2025-07-10 16:32:28,392 - INFO - {'success': False, 'data': '邮箱验证码有误'}
2025-07-10 16:35:07,730 - INFO - 打开红杏 url
2025-07-10 16:35:09,561 - INFO - 默认值
2025-07-10 16:35:32,934 - INFO - 连接网易服务器
2025-07-10 16:35:32,942 - INFO - 发送command命令
2025-07-10 16:35:33,359 - INFO - 登录邮箱服务器
2025-07-10 16:35:33,540 - INFO - 检查收件箱
2025-07-10 16:35:33,728 - INFO - 共找到 196 封邮件
2025-07-10 16:35:35,548 - INFO - 获取邮箱字节数据
2025-07-10 16:35:35,548 - INFO - 原始主题: =?utf-8?Q?=E7=B4=85=E6=9D=8F=2Eco=E9=82=AE=E7=AE=B1=E9=AA=8C?=
 =?utf-8?Q?=E8=AF=81=E7=A0=81=3A693693?=
2025-07-10 16:35:35,554 - INFO - 解码后主题: 紅杏.co邮箱验证码:693693
2025-07-10 16:35:35,556 - INFO - 验证码是:693693
2025-07-10 16:35:38,418 - INFO - {'success': False, 'data': '邮箱验证码有误'}
2025-07-10 16:36:47,185 - INFO - 打开红杏 url
2025-07-10 16:36:49,544 - INFO - 默认值
2025-07-10 16:37:12,061 - INFO - 连接网易服务器
2025-07-10 16:37:12,071 - INFO - 发送command命令
2025-07-10 16:37:12,540 - INFO - 登录邮箱服务器
2025-07-10 16:37:12,738 - INFO - 检查收件箱
2025-07-10 16:37:12,960 - INFO - 共找到 196 封邮件
2025-07-10 16:37:15,875 - INFO - 获取邮箱字节数据
2025-07-10 16:37:15,876 - INFO - 原始主题: =?utf-8?Q?=E7=B4=85=E6=9D=8F=2Eco=E9=82=AE=E7=AE=B1=E9=AA=8C?=
 =?utf-8?Q?=E8=AF=81=E7=A0=81=3A693693?=
2025-07-10 16:37:15,883 - INFO - 解码后主题: 紅杏.co邮箱验证码:693693
2025-07-10 16:37:15,883 - INFO - 验证码是:693693
2025-07-10 16:37:18,346 - INFO - {'success': False, 'data': '邮箱验证码有误'}
2025-07-10 16:46:31,911 - INFO - 打开红杏 url
2025-07-10 16:46:34,113 - INFO - g1sdflsdfo3
2025-07-10 16:46:56,996 - INFO - 连接网易服务器
2025-07-10 16:46:56,997 - INFO - 发送command命令
2025-07-10 16:46:57,440 - INFO - 登录邮箱服务器
2025-07-10 16:46:57,651 - INFO - 检查收件箱
2025-07-10 16:46:57,875 - INFO - 共找到 196 封邮件
2025-07-10 16:46:59,719 - INFO - 获取邮箱字节数据
2025-07-10 16:46:59,719 - INFO - 原始主题: =?utf-8?Q?=E7=B4=85=E6=9D=8F=2Eco=E9=82=AE=E7=AE=B1=E9=AA=8C?=
 =?utf-8?Q?=E8=AF=81=E7=A0=81=3A693693?=
2025-07-10 16:46:59,720 - INFO - 解码后主题: 紅杏.co邮箱验证码:693693
2025-07-10 16:46:59,721 - INFO - 验证码是:693693
2025-07-10 16:47:01,111 - INFO - {'success': False, 'data': '邮箱验证码有误'}
2025-07-10 16:48:53,015 - INFO - 打开红杏 url
2025-07-10 16:48:56,255 - INFO - g1sdflsdfo3
2025-07-10 16:49:18,762 - INFO - 连接网易服务器
2025-07-10 16:49:18,764 - INFO - 发送command命令
2025-07-10 16:49:19,661 - INFO - 登录邮箱服务器
2025-07-10 16:49:19,841 - INFO - 检查收件箱
2025-07-10 16:49:20,016 - INFO - 共找到 197 封邮件
2025-07-10 16:49:21,808 - INFO - 获取邮箱字节数据
2025-07-10 16:49:21,809 - INFO - 原始主题: =?utf-8?Q?=E7=B4=85=E6=9D=8F=2Eco=E9=82=AE=E7=AE=B1=E9=AA=8C?=
 =?utf-8?Q?=E8=AF=81=E7=A0=81=3A704699?=
2025-07-10 16:49:21,819 - INFO - 解码后主题: 紅杏.co邮箱验证码:704699
2025-07-10 16:49:21,819 - INFO - 验证码是:704699
2025-07-10 16:49:23,989 - INFO - {'success': True, 'data': {'token': 'c5c8491bf0904fdd5aa84f57ce3b5cda', 'is_admin': 0, 'auth_data': 'eyJ0eXAiOiJKV1QiLCJhbGciOiJIUzI1NiJ9.eyJpZCI6MTE1NTY0LCJzZXNzaW9uIjoiOTk5MDAzNDM3NDE4ZDYzMDMyOTFmNjFiYjMzMmMzYzAifQ.WiGpflxyZVQSQnSOJtI1nuhFaIZ9uBtesGMuPMoTLUw'}}
2025-07-10 17:12:26,056 - INFO - 打开红杏 url
2025-07-10 17:12:27,703 - INFO - i1sadfe2
2025-07-10 17:12:51,248 - INFO - 连接网易服务器
2025-07-10 17:12:51,253 - INFO - 发送command命令
2025-07-10 17:12:51,797 - INFO - 登录邮箱服务器
2025-07-10 17:12:52,040 - INFO - 检查收件箱
2025-07-10 17:12:52,278 - INFO - 共找到 197 封邮件
2025-07-10 17:12:55,285 - INFO - 获取邮箱字节数据
2025-07-10 17:12:55,285 - INFO - 原始主题: =?utf-8?Q?=E7=B4=85=E6=9D=8F=2Eco=E9=82=AE=E7=AE=B1=E9=AA=8C?=
 =?utf-8?Q?=E8=AF=81=E7=A0=81=3A704699?=
2025-07-10 17:12:55,287 - INFO - 解码后主题: 紅杏.co邮箱验证码:704699
2025-07-10 17:12:55,288 - INFO - 验证码是:704699
2025-07-10 17:15:18,436 - INFO - 打开红杏 url
2025-07-10 17:15:20,223 - INFO - i1sadfe2
2025-07-10 17:15:44,265 - INFO - 连接网易服务器
2025-07-10 17:15:44,265 - INFO - 发送command命令
2025-07-10 17:15:44,696 - INFO - 登录邮箱服务器
2025-07-10 17:15:44,878 - INFO - 检查收件箱
2025-07-10 17:15:45,055 - INFO - 共找到 197 封邮件
2025-07-10 17:15:46,839 - INFO - 获取邮箱字节数据
2025-07-10 17:15:46,839 - INFO - 原始主题: =?utf-8?Q?=E7=B4=85=E6=9D=8F=2Eco=E9=82=AE=E7=AE=B1=E9=AA=8C?=
 =?utf-8?Q?=E8=AF=81=E7=A0=81=3A704699?=
2025-07-10 17:15:46,841 - INFO - 解码后主题: 紅杏.co邮箱验证码:704699
2025-07-10 17:15:46,841 - INFO - 验证码是:704699
2025-07-10 17:21:11,382 - INFO - 打开红杏 url
2025-07-10 17:21:13,417 - INFO - j1dsfefff3
2025-07-10 17:21:14,046 - INFO - <ChromiumElement span id='«r1a»' class='relative text-foreground select-none text-small transition-colors-opacity before:transition-width motion-reduce:transition-none'>
2025-07-10 17:21:37,145 - INFO - 连接网易服务器
2025-07-10 17:21:37,156 - INFO - 发送command命令
2025-07-10 17:21:37,674 - INFO - 登录邮箱服务器
2025-07-10 17:21:37,918 - INFO - 检查收件箱
2025-07-10 17:21:38,156 - INFO - 共找到 200 封邮件
2025-07-10 17:21:40,614 - INFO - 获取邮箱字节数据
2025-07-10 17:21:40,614 - INFO - 原始主题: =?utf-8?Q?=E7=B4=85=E8=91=89=E9=82=AE=E7=AE=B1?=
 =?utf-8?Q?=E9=AA=8C=E8=AF=81=E7=A0=81=3A239117?=
2025-07-10 17:21:40,618 - INFO - 解码后主题: 紅葉邮箱验证码:239117
2025-07-10 17:21:40,619 - INFO - 验证码是:239117
2025-07-10 17:21:42,351 - INFO - {'success': True, 'data': {'token': '9ecc08b153b134114936aecac4424d25', 'is_admin': 0, 'auth_data': 'eyJ0eXAiOiJKV1QiLCJhbGciOiJIUzI1NiJ9.eyJpZCI6MzE1MDIsInNlc3Npb24iOiI2YzUwODMyNDYxZjk0OWI4NDM3Y2VhY2NjMjMzZjA3OSJ9.gSSM26HxPJ-zoMn9uF9eQT-xQjF8a-HrI1pdHhOnOos'}}
2025-07-10 17:25:14,269 - INFO - 打开红杏 url
2025-07-10 17:25:15,890 - INFO - i1safdas2
2025-07-10 17:25:17,276 - INFO - <ChromiumElement span id='«r1a»' class='relative text-foreground select-none text-small transition-colors-opacity before:transition-width motion-reduce:transition-none'>
2025-07-10 17:25:39,691 - INFO - 连接网易服务器
2025-07-10 17:25:39,692 - INFO - 发送command命令
2025-07-10 17:25:40,116 - INFO - 登录邮箱服务器
2025-07-10 17:25:40,298 - INFO - 检查收件箱
2025-07-10 17:25:40,481 - INFO - 共找到 200 封邮件
2025-07-10 17:25:42,714 - INFO - 获取邮箱字节数据
2025-07-10 17:25:42,715 - INFO - 原始主题: =?utf-8?Q?=E7=B4=85=E8=91=89=E9=82=AE=E7=AE=B1?=
 =?utf-8?Q?=E9=AA=8C=E8=AF=81=E7=A0=81=3A239117?=
2025-07-10 17:25:42,726 - INFO - 解码后主题: 紅葉邮箱验证码:239117
2025-07-10 17:25:42,726 - INFO - 验证码是:239117
2025-07-10 17:25:45,709 - INFO - {'success': False, 'data': '邮箱验证码有误'}
2025-07-10 17:27:23,328 - INFO - 打开红杏 url
2025-07-10 17:27:25,244 - INFO - j1dfsd3
2025-07-10 17:27:25,940 - INFO - <ChromiumElement span id='«r1a»' class='relative text-foreground select-none text-small transition-colors-opacity before:transition-width motion-reduce:transition-none'>
2025-07-10 17:27:48,128 - INFO - 连接网易服务器
2025-07-10 17:27:48,131 - INFO - 发送command命令
2025-07-10 17:27:48,531 - INFO - 登录邮箱服务器
2025-07-10 17:27:48,710 - INFO - 检查收件箱
2025-07-10 17:27:48,890 - INFO - 共找到 200 封邮件
2025-07-10 17:27:50,680 - INFO - 获取邮箱字节数据
2025-07-10 17:27:50,681 - INFO - 原始主题: =?utf-8?Q?=E7=B4=85=E8=91=89=E9=82=AE=E7=AE=B1?=
 =?utf-8?Q?=E9=AA=8C=E8=AF=81=E7=A0=81=3A239117?=
2025-07-10 17:27:50,717 - INFO - 解码后主题: 紅葉邮箱验证码:239117
2025-07-10 17:27:50,718 - INFO - 验证码是:239117
2025-07-10 17:27:52,743 - INFO - {'success': False, 'data': '邮箱验证码有误'}
2025-07-10 17:29:33,882 - INFO - 打开红杏 url
2025-07-10 17:29:35,353 - INFO - i1sadfasd32
2025-07-10 17:29:37,264 - INFO - <ChromiumElement span id='«r1a»' class='relative text-foreground select-none text-small transition-colors-opacity before:transition-width motion-reduce:transition-none'>
2025-07-10 17:29:59,997 - INFO - 连接网易服务器
2025-07-10 17:29:59,997 - INFO - 发送command命令
2025-07-10 17:30:00,564 - INFO - 登录邮箱服务器
2025-07-10 17:30:00,817 - INFO - 检查收件箱
2025-07-10 17:30:01,054 - INFO - 共找到 200 封邮件
2025-07-10 17:30:03,972 - INFO - 获取邮箱字节数据
2025-07-10 17:30:03,973 - INFO - 原始主题: =?utf-8?Q?=E7=B4=85=E8=91=89=E9=82=AE=E7=AE=B1?=
 =?utf-8?Q?=E9=AA=8C=E8=AF=81=E7=A0=81=3A239117?=
2025-07-10 17:30:03,986 - INFO - 解码后主题: 紅葉邮箱验证码:239117
2025-07-10 17:30:03,988 - INFO - 验证码是:239117
2025-07-10 17:30:07,468 - INFO - {'success': False, 'data': '邮箱验证码有误'}
