2025-07-10 21:10:04,215 - INFO - 打开红杏 url
2025-07-10 21:10:06,449 - INFO - e1intel23
2025-07-10 21:10:40,812 - INFO - 连接网易服务器
2025-07-10 21:10:40,814 - INFO - 发送command命令
2025-07-10 21:10:41,291 - INFO - 登录邮箱服务器
2025-07-10 21:10:41,495 - INFO - 检查收件箱
2025-07-10 21:10:41,697 - INFO - 共找到 216 封邮件
2025-07-10 21:10:43,716 - INFO - 获取邮箱字节数据
2025-07-10 21:10:43,717 - INFO - 原始主题: =?utf-8?Q?=E7=B4=85=E6=9D=8F=2Eco=E9=82=AE=E7=AE=B1=E9=AA=8C?=
 =?utf-8?Q?=E8=AF=81=E7=A0=81=3A257053?=
2025-07-10 21:10:43,720 - INFO - 解码后主题: 紅杏.co邮箱验证码:257053
2025-07-10 21:10:43,720 - INFO - 验证码是:257053
2025-07-10 21:10:45,121 - INFO - {'success': True, 'data': {'token': 'f31001daf0ff6f03109db5669476fd1d', 'is_admin': 0, 'auth_data': 'eyJ0eXAiOiJKV1QiLCJhbGciOiJIUzI1NiJ9.eyJpZCI6MTE1NTc4LCJzZXNzaW9uIjoiZTE4N2FlZThhNWJhODJmZjg5NTMxNzQ1YTc2YTZiMjAifQ.3SS8gxEFGbHjQPOPDY1rsIe7AoTZNlPTN4ShMLWnGx8'}}
2025-07-10 21:14:58,509 - INFO - 打开红杏 url
2025-07-10 21:15:00,429 - INFO - f1btytm23
2025-07-10 21:15:35,903 - INFO - 连接网易服务器
2025-07-10 21:15:35,904 - INFO - 发送command命令
2025-07-10 21:15:36,472 - INFO - 登录邮箱服务器
2025-07-10 21:15:36,718 - INFO - 检查收件箱
2025-07-10 21:15:36,962 - INFO - 共找到 217 封邮件
2025-07-10 21:15:39,406 - INFO - 获取邮箱字节数据
2025-07-10 21:15:39,407 - INFO - 原始主题: =?utf-8?Q?=E7=B4=85=E6=9D=8F=2Eco=E9=82=AE=E7=AE=B1=E9=AA=8C?=
 =?utf-8?Q?=E8=AF=81=E7=A0=81=3A772853?=
2025-07-10 21:15:39,412 - INFO - 解码后主题: 紅杏.co邮箱验证码:772853
2025-07-10 21:15:39,413 - INFO - 验证码是:772853
2025-07-10 21:15:41,080 - INFO - {'success': True, 'data': {'token': 'ea527d06a2b151ae53f54acd29dce8f5', 'is_admin': 0, 'auth_data': 'eyJ0eXAiOiJKV1QiLCJhbGciOiJIUzI1NiJ9.eyJpZCI6MTE1NTgwLCJzZXNzaW9uIjoiY2E2MzJiYTVmMTMxNzk3MzNlM2I2NTJkNjAyMmM1YmIifQ.qDR78xaVIIsIygmRIn8m2ahY4Y7RbqxgxQXctS9_3Lg'}}
2025-07-10 21:18:52,572 - INFO - 打开红杏 url
2025-07-10 21:18:55,181 - INFO - e1weixi232
2025-07-10 21:19:30,034 - INFO - 连接网易服务器
2025-07-10 21:19:30,035 - INFO - 发送command命令
2025-07-10 21:19:30,466 - INFO - 登录邮箱服务器
2025-07-10 21:19:30,658 - INFO - 检查收件箱
2025-07-10 21:19:30,841 - INFO - 共找到 218 封邮件
2025-07-10 21:19:32,686 - INFO - 获取邮箱字节数据
2025-07-10 21:19:32,687 - INFO - 原始主题: =?utf-8?Q?=E7=B4=85=E6=9D=8F=2Eco=E9=82=AE=E7=AE=B1=E9=AA=8C?=
 =?utf-8?Q?=E8=AF=81=E7=A0=81=3A655908?=
2025-07-10 21:19:32,692 - INFO - 解码后主题: 紅杏.co邮箱验证码:655908
2025-07-10 21:19:32,693 - INFO - 验证码是:655908
2025-07-10 21:19:36,157 - INFO - {'success': True, 'data': {'token': '181fdea5807aca52e77e39eeaed5ac6c', 'is_admin': 0, 'auth_data': 'eyJ0eXAiOiJKV1QiLCJhbGciOiJIUzI1NiJ9.eyJpZCI6MTE1NTgyLCJzZXNzaW9uIjoiMTA3ZTdkODQ5M2JkOTM5Y2Y1ZmY0ZjIzOTg5MDgxOGMifQ.Dj8dVOFBz766qG6kQHuvWH8PXV9hD5pFJzWxpu6MBrc'}}
2025-07-13 23:32:44,937 - INFO - 打开红杏 url
2025-07-13 23:33:55,066 - INFO - f1clashwer2
2025-07-13 23:34:31,455 - INFO - 连接网易服务器
2025-07-13 23:34:31,457 - INFO - 发送command命令
2025-07-13 23:34:32,419 - INFO - 登录邮箱服务器
2025-07-13 23:34:32,617 - INFO - 检查收件箱
2025-07-13 23:34:32,815 - INFO - 共找到 245 封邮件
2025-07-13 23:34:34,798 - INFO - 获取邮箱字节数据
2025-07-13 23:34:34,799 - INFO - 原始主题: =?utf-8?Q?=E7=B4=85=E6=9D=8F=2Eco=E9=82=AE=E7=AE=B1=E9=AA=8C?=
 =?utf-8?Q?=E8=AF=81=E7=A0=81=3A870262?=
2025-07-13 23:34:34,807 - INFO - 解码后主题: 紅杏.co邮箱验证码:870262
2025-07-13 23:34:34,807 - INFO - 验证码是:870262
2025-07-13 23:34:36,327 - INFO - {'success': True, 'data': {'token': '3206078ee5b0a2f8f7d8681a70ff9b94', 'is_admin': 0, 'auth_data': 'eyJ0eXAiOiJKV1QiLCJhbGciOiJIUzI1NiJ9.eyJpZCI6MTE1OTI2LCJzZXNzaW9uIjoiZDljMjVhNjY1NzljYWJmMDY0ZDAxMjNmNDM4Zjk3MDQifQ.GIR60THXte1PSYurax9deb7U1sX1y3_UB3n7LoOD3NY'}}
