2025-07-15 16:48:41,892 - INFO - 打开OK url
2025-07-15 16:48:45,323 - INFO - a1dfssf34
2025-07-15 16:48:48,929 - INFO - 连接网易服务器
2025-07-15 16:48:48,930 - INFO - 发送command命令
2025-07-15 16:48:49,355 - INFO - 登录邮箱服务器
2025-07-15 16:48:49,539 - INFO - 检查收件箱
2025-07-15 16:48:49,720 - INFO - 共找到 214 封邮件
2025-07-15 16:48:51,969 - INFO - 获取邮箱字节数据
2025-07-15 16:48:51,971 - INFO - 原始主题: okancEmail verification code
2025-07-15 16:48:51,972 - INFO - 解码后主题: okancEmail verification code
2025-07-15 16:48:52,006 - INFO - 纯文本正文:
邮箱验证码 邮箱验证码 Dear Customer 请填写以下验证码完成邮箱验证 (5分钟内有效) 288437 (本邮件由系统自动发出，请勿直接回复) 登录 okanc © okanc. All Rights Reserved. 我的订阅 | 使用教程
2025-07-15 16:48:52,006 - INFO - 提取验证码: 288437
2025-07-15 16:48:52,772 - INFO - {'message': 'Incorrect email verification code'}
2025-07-15 16:50:41,107 - INFO - 打开OK url
2025-07-15 16:50:51,737 - INFO - a1dfssf34
2025-07-15 16:51:26,517 - INFO - 连接网易服务器
2025-07-15 16:51:26,524 - INFO - 发送command命令
2025-07-15 16:51:26,948 - INFO - 登录邮箱服务器
2025-07-15 16:51:27,137 - INFO - 检查收件箱
2025-07-15 16:51:27,330 - INFO - 共找到 216 封邮件
2025-07-15 16:51:29,112 - INFO - 获取邮箱字节数据
2025-07-15 16:51:29,112 - INFO - 原始主题: okancEmail verification code
2025-07-15 16:51:29,113 - INFO - 解码后主题: okancEmail verification code
2025-07-15 16:51:29,122 - INFO - 纯文本正文:
邮箱验证码 邮箱验证码 Dear Customer 请填写以下验证码完成邮箱验证 (5分钟内有效) 325884 (本邮件由系统自动发出，请勿直接回复) 登录 okanc © okanc. All Rights Reserved. 我的订阅 | 使用教程
2025-07-15 16:51:29,123 - INFO - 提取验证码: 325884
2025-07-15 16:51:30,111 - INFO - {'data': {'token': '6dfc092d9cb4f836b0816ee4acb8920d', 'is_admin': None, 'auth_data': 'eyJ0eXAiOiJKV1QiLCJhbGciOiJIUzI1NiJ9.eyJpZCI6Mzk3MjYsInNlc3Npb24iOiI1MDFhNTJjOTEyZGY5NzMxMWYyOGJlMDlmMzVmYzFjYSJ9.Tu0hIsKgJP8Pi_NTJ-428ocXMnzQIpGCuF_HS9czXHk'}}
2025-07-15 17:32:12,831 - INFO - 打开OK url
2025-07-15 17:32:16,302 - INFO - b1fdg3422df
2025-07-15 17:32:52,491 - INFO - 连接网易服务器
2025-07-15 17:32:52,493 - INFO - 发送command命令
2025-07-15 17:32:53,045 - INFO - 登录邮箱服务器
2025-07-15 17:32:53,285 - INFO - 检查收件箱
2025-07-15 17:32:53,521 - INFO - 共找到 217 封邮件
2025-07-15 17:32:55,952 - INFO - 获取邮箱字节数据
2025-07-15 17:32:55,952 - INFO - 原始主题: okancEmail verification code
2025-07-15 17:32:55,952 - INFO - 解码后主题: okancEmail verification code
2025-07-15 17:32:55,960 - INFO - 纯文本正文:
邮箱验证码 邮箱验证码 Dear Customer 请填写以下验证码完成邮箱验证 (5分钟内有效) 128858 (本邮件由系统自动发出，请勿直接回复) 登录 okanc © okanc. All Rights Reserved. 我的订阅 | 使用教程
2025-07-15 17:32:55,961 - INFO - 提取验证码: 128858
2025-07-15 17:32:57,436 - INFO - {'data': {'token': '4c6bf7ca035cbbabe210651d153b2095', 'is_admin': None, 'auth_data': 'eyJ0eXAiOiJKV1QiLCJhbGciOiJIUzI1NiJ9.eyJpZCI6Mzk3MjksInNlc3Npb24iOiJhMGIwZGE5YjlmMzU5ZjIzNWU5ZDFhNmUxZjAzNGIyMyJ9.-yUAlOf4xeVhMdiQuMKGtML3pi04hCvaLwZHNwDHwiU'}}
2025-07-16 17:40:28,561 - INFO - 打开OK url
2025-07-16 17:40:32,124 - INFO - a1fhttt4
2025-07-16 17:41:07,745 - INFO - 连接网易服务器
2025-07-16 17:41:07,747 - INFO - 发送command命令
2025-07-16 17:41:08,314 - INFO - 登录邮箱服务器
2025-07-16 17:41:08,551 - INFO - 检查收件箱
2025-07-16 17:41:08,785 - INFO - 共找到 214 封邮件
2025-07-16 17:41:11,808 - INFO - 获取邮箱字节数据
2025-07-16 17:41:11,808 - INFO - 原始主题: okancEmail verification code
2025-07-16 17:41:11,809 - INFO - 解码后主题: okancEmail verification code
2025-07-16 17:41:11,813 - INFO - 纯文本正文:
邮箱验证码 邮箱验证码 Dear Customer 请填写以下验证码完成邮箱验证 (5分钟内有效) 128694 (本邮件由系统自动发出，请勿直接回复) 登录 okanc © okanc. All Rights Reserved. 我的订阅 | 使用教程
2025-07-16 17:41:11,813 - INFO - 提取验证码: 128694
2025-07-16 17:41:13,105 - INFO - {'data': {'token': '8c5fba8cb869276d60be9e4bc585e3c3', 'is_admin': None, 'auth_data': 'eyJ0eXAiOiJKV1QiLCJhbGciOiJIUzI1NiJ9.eyJpZCI6Mzk4NjgsInNlc3Npb24iOiJhZTg4MDAwYTg4NGM4MWIyNDI1MmU4NzA4Mzk1YmI0YSJ9.WWg4mPzD_gjwm_R_xqxeTYOBTio3Kn9I9QnNVOipUXQ'}}
