2025-07-21 14:46:08,226 - INFO - 打开yylx url
2025-07-21 14:46:10,964 - INFO - a1dfssf34
2025-07-21 14:47:17,811 - INFO - 连接网易服务器
2025-07-21 14:47:17,813 - INFO - 发送command命令
2025-07-21 14:47:18,302 - INFO - 登录邮箱服务器
2025-07-21 14:47:18,500 - INFO - 检查收件箱
2025-07-21 14:47:18,699 - INFO - 共找到 237 封邮件
2025-07-21 14:47:20,692 - INFO - 获取邮箱字节数据
2025-07-21 14:47:20,693 - INFO - 原始主题: =?utf-8?b?6YGl6YGl6aKG5YWI6YKu566x6aqM6K+B56CB?=
2025-07-21 14:47:20,700 - INFO - 解码后主题: 遥遥领先邮箱验证码
2025-07-21 14:47:20,702 - INFO - 纯文本正文:
<div style="background: #eee">
    <table width="600" border="0" align="center" cellpadding="0" cellspacing="0">
        <tbody>
        <tr>
            <td>
                <div style="background:#fff">
                    <table width="100%" border="0" cellspacing="0" cellpadding="0">
                        <thead>
                        <tr>
                            <td valign="middle" style="padding-left:30px;background-color:#415A94;color:#fff;padding:20px 40px;font-size: 21px;">遥遥领先</td>
                        </tr>
                        </thead>
                        <tbody>
                        <tr style="padding:40px 40px 0 40px;display:table-cell">
                            <td style="font-size:24px;line-height:1.5;color:#000;margin-top:40px">邮箱验证码</td>
                        </tr>
                        <tr>
                            <td style="font-size:14px;color:#333;padding:24px 40px 0 40px">
                                尊敬的用户您好！
                                <br />
                                <br />
                                您的验证码是：379072，请在 5 分钟内进行验证。如果该验证码不为您本人申请，请无视。
                            </td>
                        </tr>
                        <tr style="padding:40px;display:table-cell">
                        </tr>
                        </tbody>
                    </table>
                </div>
                <div>
                    <table width="100%" border="0" cellspacing="0" cellpadding="0">
                        <tbody>
                        <tr>
                            <td style="padding:20px 40px;font-size:12px;color:#999;line-height:20px;background:#f7f7f7"><a href="https://yylx6.yylxjichang.link" style="font-size:14px;color:#929292">返回遥遥领先</a></td>
                        </tr>
                        </tbody>
                    </table>
                </div></td>
        </tr>
        </tbody>
    </table>
</div>


2025-07-21 14:47:20,703 - INFO - 提取验证码: 379072
2025-07-21 14:47:23,593 - INFO - {'data': {'token': 'e61929742c3d6810371bace8273306ab', 'is_admin': None, 'auth_data': 'eyJ0eXAiOiJKV1QiLCJhbGciOiJIUzI1NiJ9.eyJpZCI6MzQwMCwic2Vzc2lvbiI6IjhiNjU1MTI1MGI5ZGMzNTgxYjM5ZTYyMDM2ZjU1ZTI3In0.84vVlDXYQ7yVrzdPr1k-q52ciUhLaJEK2JpDKQpgb04'}}
2025-07-21 14:47:23,593 - INFO - {'data': {'token': '47fe39d55c6bbbf1048ba761ffad07c7', 'is_admin': None, 'auth_data': 'eyJ0eXAiOiJKV1QiLCJhbGciOiJIUzI1NiJ9.eyJpZCI6MzQwMCwic2Vzc2lvbiI6IjhiNjU1MTI1MGI5ZGMzNTgxYjM5ZTYyMDM2ZjU1ZTI3In0.84vVlDXYQ7yVrzdPr1k-q52ciUhLaJEK2JpDKQpgb04'}}
