2025-07-10 21:10:04,215 - INFO - 打开红杏 url
2025-07-10 21:10:06,449 - INFO - e1intel23
2025-07-10 21:10:40,812 - INFO - 连接网易服务器
2025-07-10 21:10:40,814 - INFO - 发送command命令
2025-07-10 21:10:41,291 - INFO - 登录邮箱服务器
2025-07-10 21:10:41,495 - INFO - 检查收件箱
2025-07-10 21:10:41,697 - INFO - 共找到 216 封邮件
2025-07-10 21:10:43,716 - INFO - 获取邮箱字节数据
2025-07-10 21:10:43,717 - INFO - 原始主题: =?utf-8?Q?=E7=B4=85=E6=9D=8F=2Eco=E9=82=AE=E7=AE=B1=E9=AA=8C?=
 =?utf-8?Q?=E8=AF=81=E7=A0=81=3A257053?=
2025-07-10 21:10:43,720 - INFO - 解码后主题: 紅杏.co邮箱验证码:257053
2025-07-10 21:10:43,720 - INFO - 验证码是:257053
2025-07-10 21:10:45,121 - INFO - {'success': True, 'data': {'token': 'f31001daf0ff6f03109db5669476fd1d', 'is_admin': 0, 'auth_data': 'eyJ0eXAiOiJKV1QiLCJhbGciOiJIUzI1NiJ9.eyJpZCI6MTE1NTc4LCJzZXNzaW9uIjoiZTE4N2FlZThhNWJhODJmZjg5NTMxNzQ1YTc2YTZiMjAifQ.3SS8gxEFGbHjQPOPDY1rsIe7AoTZNlPTN4ShMLWnGx8'}}
2025-07-10 21:14:58,509 - INFO - 打开红杏 url
2025-07-10 21:15:00,429 - INFO - f1btytm23
2025-07-10 21:15:35,903 - INFO - 连接网易服务器
2025-07-10 21:15:35,904 - INFO - 发送command命令
2025-07-10 21:15:36,472 - INFO - 登录邮箱服务器
2025-07-10 21:15:36,718 - INFO - 检查收件箱
2025-07-10 21:15:36,962 - INFO - 共找到 217 封邮件
2025-07-10 21:15:39,406 - INFO - 获取邮箱字节数据
2025-07-10 21:15:39,407 - INFO - 原始主题: =?utf-8?Q?=E7=B4=85=E6=9D=8F=2Eco=E9=82=AE=E7=AE=B1=E9=AA=8C?=
 =?utf-8?Q?=E8=AF=81=E7=A0=81=3A772853?=
2025-07-10 21:15:39,412 - INFO - 解码后主题: 紅杏.co邮箱验证码:772853
2025-07-10 21:15:39,413 - INFO - 验证码是:772853
2025-07-10 21:15:41,080 - INFO - {'success': True, 'data': {'token': 'ea527d06a2b151ae53f54acd29dce8f5', 'is_admin': 0, 'auth_data': 'eyJ0eXAiOiJKV1QiLCJhbGciOiJIUzI1NiJ9.eyJpZCI6MTE1NTgwLCJzZXNzaW9uIjoiY2E2MzJiYTVmMTMxNzk3MzNlM2I2NTJkNjAyMmM1YmIifQ.qDR78xaVIIsIygmRIn8m2ahY4Y7RbqxgxQXctS9_3Lg'}}
2025-07-10 21:18:52,572 - INFO - 打开红杏 url
2025-07-10 21:18:55,181 - INFO - e1weixi232
2025-07-10 21:19:30,034 - INFO - 连接网易服务器
2025-07-10 21:19:30,035 - INFO - 发送command命令
2025-07-10 21:19:30,466 - INFO - 登录邮箱服务器
2025-07-10 21:19:30,658 - INFO - 检查收件箱
2025-07-10 21:19:30,841 - INFO - 共找到 218 封邮件
2025-07-10 21:19:32,686 - INFO - 获取邮箱字节数据
2025-07-10 21:19:32,687 - INFO - 原始主题: =?utf-8?Q?=E7=B4=85=E6=9D=8F=2Eco=E9=82=AE=E7=AE=B1=E9=AA=8C?=
 =?utf-8?Q?=E8=AF=81=E7=A0=81=3A655908?=
2025-07-10 21:19:32,692 - INFO - 解码后主题: 紅杏.co邮箱验证码:655908
2025-07-10 21:19:32,693 - INFO - 验证码是:655908
2025-07-10 21:19:36,157 - INFO - {'success': True, 'data': {'token': '181fdea5807aca52e77e39eeaed5ac6c', 'is_admin': 0, 'auth_data': 'eyJ0eXAiOiJKV1QiLCJhbGciOiJIUzI1NiJ9.eyJpZCI6MTE1NTgyLCJzZXNzaW9uIjoiMTA3ZTdkODQ5M2JkOTM5Y2Y1ZmY0ZjIzOTg5MDgxOGMifQ.Dj8dVOFBz766qG6kQHuvWH8PXV9hD5pFJzWxpu6MBrc'}}
2025-07-13 23:32:44,937 - INFO - 打开红杏 url
2025-07-13 23:33:55,066 - INFO - f1clashwer2
2025-07-13 23:34:31,455 - INFO - 连接网易服务器
2025-07-13 23:34:31,457 - INFO - 发送command命令
2025-07-13 23:34:32,419 - INFO - 登录邮箱服务器
2025-07-13 23:34:32,617 - INFO - 检查收件箱
2025-07-13 23:34:32,815 - INFO - 共找到 245 封邮件
2025-07-13 23:34:34,798 - INFO - 获取邮箱字节数据
2025-07-13 23:34:34,799 - INFO - 原始主题: =?utf-8?Q?=E7=B4=85=E6=9D=8F=2Eco=E9=82=AE=E7=AE=B1=E9=AA=8C?=
 =?utf-8?Q?=E8=AF=81=E7=A0=81=3A870262?=
2025-07-13 23:34:34,807 - INFO - 解码后主题: 紅杏.co邮箱验证码:870262
2025-07-13 23:34:34,807 - INFO - 验证码是:870262
2025-07-13 23:34:36,327 - INFO - {'success': True, 'data': {'token': '3206078ee5b0a2f8f7d8681a70ff9b94', 'is_admin': 0, 'auth_data': 'eyJ0eXAiOiJKV1QiLCJhbGciOiJIUzI1NiJ9.eyJpZCI6MTE1OTI2LCJzZXNzaW9uIjoiZDljMjVhNjY1NzljYWJmMDY0ZDAxMjNmNDM4Zjk3MDQifQ.GIR60THXte1PSYurax9deb7U1sX1y3_UB3n7LoOD3NY'}}
2025-07-15 13:14:27,801 - INFO - 打开红杏 url
2025-07-15 13:14:29,900 - INFO - g1dfssdf22
2025-07-15 13:15:04,121 - INFO - 连接网易服务器
2025-07-15 13:15:04,124 - INFO - 发送command命令
2025-07-15 13:15:04,675 - INFO - 登录邮箱服务器
2025-07-15 13:15:04,935 - INFO - 检查收件箱
2025-07-15 13:15:05,175 - INFO - 共找到 209 封邮件
2025-07-15 13:15:07,620 - INFO - 获取邮箱字节数据
2025-07-15 13:15:07,620 - INFO - 原始主题: =?utf-8?Q?=E7=B4=85=E6=9D=8F=2Eco=E9=82=AE=E7=AE=B1=E9=AA=8C?=
 =?utf-8?Q?=E8=AF=81=E7=A0=81=3A301098?=
2025-07-15 13:15:07,626 - INFO - 解码后主题: 紅杏.co邮箱验证码:301098
2025-07-15 13:15:07,627 - INFO - 验证码是:301098
2025-07-15 13:15:09,413 - INFO - {'success': True, 'data': {'token': 'a398d81936e7f2b3d13cdf574b209c2e', 'is_admin': 0, 'auth_data': 'eyJ0eXAiOiJKV1QiLCJhbGciOiJIUzI1NiJ9.eyJpZCI6MTE2MDQ0LCJzZXNzaW9uIjoiMDBiNzc3N2MwMDVlZGRhNjQzOGM4YTRhNmM1OWQwNDcifQ.w2Zr3FEnrhfoqkckfzyyO-nDlXBuAUSSjyT6TN_5F0w'}}
2025-07-18 18:25:38,905 - INFO - 打开红杏 url
2025-07-18 18:25:40,804 - INFO - h1tyrty6
2025-07-18 18:26:14,021 - INFO - 连接网易服务器
2025-07-18 18:26:14,023 - INFO - 发送command命令
2025-07-18 18:26:14,442 - INFO - 登录邮箱服务器
2025-07-18 18:26:14,620 - INFO - 检查收件箱
2025-07-18 18:26:14,802 - INFO - 共找到 220 封邮件
2025-07-18 18:26:16,564 - INFO - 获取邮箱字节数据
2025-07-18 18:26:16,565 - INFO - 原始主题: =?utf-8?Q?=E7=B4=85=E6=9D=8F=2Eco=E9=82=AE=E7=AE=B1=E9=AA=8C?=
 =?utf-8?Q?=E8=AF=81=E7=A0=81=3A999360?=
2025-07-18 18:26:16,567 - INFO - 解码后主题: 紅杏.co邮箱验证码:999360
2025-07-18 18:26:16,567 - INFO - 验证码是:999360
2025-07-18 18:26:18,201 - INFO - {'success': True, 'data': {'token': 'dfee5cbb170c52a1689ad54256666b85', 'is_admin': 0, 'auth_data': 'eyJ0eXAiOiJKV1QiLCJhbGciOiJIUzI1NiJ9.eyJpZCI6MTE2Mzc4LCJzZXNzaW9uIjoiZTY3MWMwYjI5MDg1MTU3NDhmNTU4NzBmMjJlMTBlYzYifQ.f4Y-YqgAbOh8Wa-YVymWJwQ8pl4irogY6tkaYR9jYsc'}}
2025-07-27 18:31:37,231 - INFO - 打开红杏 url
2025-07-27 18:31:39,067 - INFO - g1sdfd43
2025-07-27 18:32:13,369 - INFO - 连接网易服务器
2025-07-27 18:32:13,370 - INFO - 发送command命令
2025-07-27 18:32:13,847 - INFO - 登录邮箱服务器
2025-07-27 18:32:14,041 - INFO - 检查收件箱
2025-07-27 18:32:14,233 - INFO - 共找到 242 封邮件
2025-07-27 18:32:16,216 - INFO - 获取邮箱字节数据
2025-07-27 18:32:16,216 - INFO - 原始主题: =?utf-8?Q?=E7=B4=85=E6=9D=8F=2Eco=E9=82=AE=E7=AE=B1=E9=AA=8C?=
 =?utf-8?Q?=E8=AF=81=E7=A0=81=3A241954?=
2025-07-27 18:32:16,219 - INFO - 解码后主题: 紅杏.co邮箱验证码:241954
2025-07-27 18:32:16,219 - INFO - 验证码是:241954
2025-07-27 18:32:17,390 - INFO - {'success': True, 'data': {'token': '4e13145f6288db2e8950322f38a78f81', 'is_admin': 0, 'auth_data': 'eyJ0eXAiOiJKV1QiLCJhbGciOiJIUzI1NiJ9.eyJpZCI6MTE3NDg3LCJzZXNzaW9uIjoiNThkNzUwYmU3NjhkYzgzYjZmNTNhOTNlYjkxZjVkNjAifQ.p4ftO0xk5ugQzd_V5m1llj7qdAv9c5UvF0aAI-Y7sgs'}}
2025-07-29 16:26:29,720 - INFO - 打开红杏 url
2025-07-29 16:26:31,545 - INFO - h1rfedgdr3
2025-07-29 16:27:04,416 - INFO - 连接网易服务器
2025-07-29 16:27:04,417 - INFO - 发送command命令
2025-07-29 16:27:04,830 - INFO - 登录邮箱服务器
2025-07-29 16:27:05,008 - INFO - 检查收件箱
2025-07-29 16:27:05,199 - INFO - 共找到 245 封邮件
2025-07-29 16:27:06,999 - INFO - 获取邮箱字节数据
2025-07-29 16:27:06,999 - INFO - 原始主题: =?utf-8?Q?=E7=B4=85=E6=9D=8F=2Eco=E9=82=AE=E7=AE=B1=E9=AA=8C?=
 =?utf-8?Q?=E8=AF=81=E7=A0=81=3A836942?=
2025-07-29 16:27:07,005 - INFO - 解码后主题: 紅杏.co邮箱验证码:836942
2025-07-29 16:27:07,005 - INFO - 验证码是:836942
2025-07-29 16:27:08,891 - INFO - {'success': True, 'data': {'token': '652057479784c562c950be7768789afc', 'is_admin': 0, 'auth_data': 'eyJ0eXAiOiJKV1QiLCJhbGciOiJIUzI1NiJ9.eyJpZCI6MTE3NzA1LCJzZXNzaW9uIjoiZGViMWEyNGRlNTc4ZmYwNjE3ZjY3YTZiOWM2YTRmYjEifQ.ULcdXycjxsEQwGZ6S8mU5RibZL0k17GG7q0n570pUps'}}
2025-07-29 16:33:24,209 - INFO - 打开红杏 url
2025-07-29 16:33:25,980 - INFO - g1gtdhii3
2025-07-29 16:33:59,029 - INFO - 连接网易服务器
2025-07-29 16:33:59,030 - INFO - 发送command命令
2025-07-29 16:33:59,526 - INFO - 登录邮箱服务器
2025-07-29 16:34:00,236 - INFO - 检查收件箱
2025-07-29 16:34:00,434 - INFO - 共找到 246 封邮件
2025-07-29 16:34:02,437 - INFO - 获取邮箱字节数据
2025-07-29 16:34:02,437 - INFO - 原始主题: =?utf-8?Q?=E7=B4=85=E6=9D=8F=2Eco=E9=82=AE=E7=AE=B1=E9=AA=8C?=
 =?utf-8?Q?=E8=AF=81=E7=A0=81=3A661204?=
2025-07-29 16:34:02,439 - INFO - 解码后主题: 紅杏.co邮箱验证码:661204
2025-07-29 16:34:02,439 - INFO - 验证码是:661204
2025-07-29 16:34:04,071 - INFO - {'success': True, 'data': {'token': '373ad6bbd6e20d867b24554ed2b39d12', 'is_admin': 0, 'auth_data': 'eyJ0eXAiOiJKV1QiLCJhbGciOiJIUzI1NiJ9.eyJpZCI6MTE3NzA3LCJzZXNzaW9uIjoiNTcyODlkZDFhMjU4MmQxYWNiZWYyYTc3NzE1MzI0ZjYifQ.8s1ncL5Jrxjc5Hw1nmSA6N6u_bmRKebQadsLi2H-Kz4'}}
2025-07-30 10:57:49,263 - INFO - 打开红杏 url
2025-07-30 10:57:50,746 - INFO - h1yuiii4
2025-07-30 10:58:25,121 - INFO - 连接网易服务器
2025-07-30 10:58:25,124 - INFO - 发送command命令
2025-07-30 10:58:25,555 - INFO - 登录邮箱服务器
2025-07-30 10:58:25,751 - INFO - 检查收件箱
2025-07-30 10:58:25,927 - INFO - 共找到 245 封邮件
2025-07-30 10:58:27,735 - INFO - 获取邮箱字节数据
2025-07-30 10:58:27,735 - INFO - 原始主题: =?utf-8?Q?=E7=B4=85=E6=9D=8F=2Eco=E9=82=AE=E7=AE=B1=E9=AA=8C?=
 =?utf-8?Q?=E8=AF=81=E7=A0=81=3A225280?=
2025-07-30 10:58:27,737 - INFO - 解码后主题: 紅杏.co邮箱验证码:225280
2025-07-30 10:58:27,738 - INFO - 验证码是:225280
2025-07-30 10:58:29,723 - INFO - {'success': True, 'data': {'token': 'de45d0f737975972c4b8aeacce884a09', 'is_admin': 0, 'auth_data': 'eyJ0eXAiOiJKV1QiLCJhbGciOiJIUzI1NiJ9.eyJpZCI6MTE3NzkzLCJzZXNzaW9uIjoiMGZkOGMxMzlhMGVmMDFmODNmNjNmODk2MWIwZTYwMjYifQ.SYMbTQc6JUYeFiwRVyvmUFKHFcycMcht84CCiNl_JEA'}}
2025-07-31 19:42:09,596 - INFO - 打开红杏 url
2025-07-31 19:42:11,633 - INFO - g1rdghttt6
2025-07-31 19:42:46,877 - INFO - 连接网易服务器
2025-07-31 19:42:46,879 - INFO - 发送command命令
2025-07-31 19:42:47,433 - INFO - 登录邮箱服务器
2025-07-31 19:42:47,666 - INFO - 检查收件箱
2025-07-31 19:42:47,898 - INFO - 共找到 256 封邮件
2025-07-31 19:42:50,225 - INFO - 获取邮箱字节数据
2025-07-31 19:42:50,225 - INFO - 原始主题: =?utf-8?Q?=E7=B4=85=E8=91=89=E9=82=AE=E7=AE=B1?=
 =?utf-8?Q?=E9=AA=8C=E8=AF=81=E7=A0=81=3A948692?=
2025-07-31 19:42:50,230 - INFO - 解码后主题: 紅葉邮箱验证码:948692
2025-07-31 19:42:50,230 - INFO - 验证码是:948692
2025-07-31 19:42:52,192 - INFO - {'success': False, 'data': '邮箱验证码有误'}
2025-07-31 20:28:25,698 - INFO - 打开红杏 url
2025-07-31 20:28:28,176 - INFO - h1uythjjko6
2025-07-31 20:29:01,591 - INFO - 连接网易服务器
2025-07-31 20:29:01,592 - INFO - 发送command命令
2025-07-31 20:29:02,138 - INFO - 登录邮箱服务器
2025-07-31 20:29:02,383 - INFO - 检查收件箱
2025-07-31 20:29:02,624 - INFO - 共找到 258 封邮件
2025-07-31 20:29:04,982 - INFO - 获取邮箱字节数据
2025-07-31 20:29:04,983 - INFO - 原始主题: =?utf-8?Q?=E7=B4=85=E6=9D=8F=2Eco=E9=82=AE=E7=AE=B1=E9=AA=8C?=
 =?utf-8?Q?=E8=AF=81=E7=A0=81=3A552913?=
2025-07-31 20:29:04,999 - INFO - 解码后主题: 紅杏.co邮箱验证码:552913
2025-07-31 20:29:04,999 - INFO - 验证码是:552913
2025-07-31 20:29:07,088 - INFO - {'success': True, 'data': {'token': '6799bd00974a1a8f153edea48546f84c', 'is_admin': 0, 'auth_data': 'eyJ0eXAiOiJKV1QiLCJhbGciOiJIUzI1NiJ9.eyJpZCI6MTE3OTc1LCJzZXNzaW9uIjoiODhiZjZkMDcxYjFmY2Y3YWRhMTE2MTZkZWI0N2RiNTgifQ.xrcXsqJDGa7XjtaFpmC8AvCtkm-pVLFBs3wd0n8_J1A'}}
2025-08-01 11:08:36,613 - INFO - 打开红杏 url
2025-08-01 11:08:39,025 - INFO - g1dfgrt4
2025-08-01 11:09:11,501 - INFO - 连接网易服务器
2025-08-01 11:09:11,502 - INFO - 发送command命令
2025-08-01 11:09:11,943 - INFO - 登录邮箱服务器
2025-08-01 11:09:12,141 - INFO - 检查收件箱
2025-08-01 11:09:12,326 - INFO - 共找到 266 封邮件
2025-08-01 11:09:15,640 - INFO - 获取邮箱字节数据
2025-08-01 11:09:15,641 - INFO - 原始主题: =?utf-8?Q?=E7=B4=85=E6=9D=8F=2Eco=E9=82=AE=E7=AE=B1=E9=AA=8C?=
 =?utf-8?Q?=E8=AF=81=E7=A0=81=3A395966?=
2025-08-01 11:09:15,643 - INFO - 解码后主题: 紅杏.co邮箱验证码:395966
2025-08-01 11:09:15,643 - INFO - 验证码是:395966
2025-08-01 11:09:17,133 - INFO - {'success': True, 'data': {'token': '0d17ee6d4007726dfae6dd3cd949fce3', 'is_admin': 0, 'auth_data': 'eyJ0eXAiOiJKV1QiLCJhbGciOiJIUzI1NiJ9.eyJpZCI6MTE4MDY3LCJzZXNzaW9uIjoiZjQzODg2ZDRlNzBlYTNkNThmNzA1NGVjZWMxODZjNTUifQ.J88VNrCLLmogOEN4Ame5M416PcnG81j82XPRLVinuBk'}}
2025-08-02 10:49:35,762 - INFO - 打开红杏 url
2025-08-02 10:49:37,621 - INFO - h1fdfg43fdg
2025-08-02 10:50:11,257 - INFO - 连接网易服务器
2025-08-02 10:50:11,259 - INFO - 发送command命令
2025-08-02 10:50:11,723 - INFO - 登录邮箱服务器
2025-08-02 10:50:11,919 - INFO - 检查收件箱
2025-08-02 10:50:12,114 - INFO - 共找到 269 封邮件
2025-08-02 10:50:14,291 - INFO - 获取邮箱字节数据
2025-08-02 10:50:14,291 - INFO - 原始主题: =?utf-8?Q?=E7=B4=85=E6=9D=8F=2Eco=E9=82=AE=E7=AE=B1=E9=AA=8C?=
 =?utf-8?Q?=E8=AF=81=E7=A0=81=3A214748?=
2025-08-02 10:50:14,292 - INFO - 解码后主题: 紅杏.co邮箱验证码:214748
2025-08-02 10:50:14,293 - INFO - 验证码是:214748
2025-08-02 10:50:16,097 - INFO - {'success': True, 'data': {'token': '667885730c4c5136df22ffa52b51f324', 'is_admin': 0, 'auth_data': 'eyJ0eXAiOiJKV1QiLCJhbGciOiJIUzI1NiJ9.eyJpZCI6MTE4MTY0LCJzZXNzaW9uIjoiMTc5OWI0MTY5Mzc4OTlhMjU1NDJlZGM0MDMwZmIyZGYifQ._o8Edo3QgI7v6qjwUIoQtg-AK1kuPRpCNat6rqg4f3U'}}
2025-08-02 21:41:21,183 - INFO - 打开红杏 url
2025-08-02 21:41:23,380 - INFO - g1sdfsepp9
2025-08-02 21:41:57,465 - INFO - 连接网易服务器
2025-08-02 21:41:57,467 - INFO - 发送command命令
2025-08-02 21:41:58,038 - INFO - 登录邮箱服务器
2025-08-02 21:41:58,302 - INFO - 检查收件箱
2025-08-02 21:41:58,547 - INFO - 共找到 273 封邮件
2025-08-02 21:42:01,515 - INFO - 获取邮箱字节数据
2025-08-02 21:42:01,515 - INFO - 原始主题: =?utf-8?Q?=E7=B4=85=E6=9D=8F=2Eco=E9=82=AE=E7=AE=B1=E9=AA=8C?=
 =?utf-8?Q?=E8=AF=81=E7=A0=81=3A364507?=
2025-08-02 21:42:01,518 - INFO - 解码后主题: 紅杏.co邮箱验证码:364507
2025-08-02 21:42:01,518 - INFO - 验证码是:364507
2025-08-02 21:42:03,830 - INFO - {'success': True, 'data': {'token': '69abf8766aa3fcef337fb941994bbb34', 'is_admin': 0, 'auth_data': 'eyJ0eXAiOiJKV1QiLCJhbGciOiJIUzI1NiJ9.eyJpZCI6MTE4MjEyLCJzZXNzaW9uIjoiODljMzEwYzcxMzMyZDQxZDE0MWQ2OTljY2JlNmMwMjAifQ.bdN7BmAn5Xw1fEmFYVeXmjgJfBjETgBXdjThqZbT4sM'}}
2025-08-03 11:06:08,431 - INFO - 打开红杏 url
2025-08-03 11:06:09,909 - INFO - h1fdghrt54
2025-08-03 11:06:44,054 - INFO - 连接网易服务器
2025-08-03 11:06:44,054 - INFO - 发送command命令
2025-08-03 11:06:44,498 - INFO - 登录邮箱服务器
2025-08-03 11:06:44,672 - INFO - 检查收件箱
2025-08-03 11:06:44,845 - INFO - 共找到 274 封邮件
2025-08-03 11:06:46,640 - INFO - 获取邮箱字节数据
2025-08-03 11:06:46,640 - INFO - 原始主题: =?utf-8?Q?=E7=B4=85=E6=9D=8F=2Eco=E9=82=AE=E7=AE=B1=E9=AA=8C?=
 =?utf-8?Q?=E8=AF=81=E7=A0=81=3A317351?=
2025-08-03 11:06:46,643 - INFO - 解码后主题: 紅杏.co邮箱验证码:317351
2025-08-03 11:06:46,643 - INFO - 验证码是:317351
2025-08-03 11:06:48,280 - INFO - {'success': True, 'data': {'token': '1c7867772e910e9c63a00f6ec1ac1e70', 'is_admin': 0, 'auth_data': 'eyJ0eXAiOiJKV1QiLCJhbGciOiJIUzI1NiJ9.eyJpZCI6MTE4MjcxLCJzZXNzaW9uIjoiZDcyNGQzOWZmYWM1NDIzNzgzZjY2M2E3YjNmNTgxYjgifQ.NkRZlbzHFrvDbyIMtL_gaTjOMlxdqfBUvV9XItMiFXI'}}
2025-08-04 11:08:09,577 - INFO - 打开红杏 url
2025-08-04 11:08:11,194 - INFO - g1fsrfer343
2025-08-04 11:08:43,911 - INFO - 连接网易服务器
2025-08-04 11:08:43,912 - INFO - 发送command命令
2025-08-04 11:08:44,334 - INFO - 登录邮箱服务器
2025-08-04 11:08:44,534 - INFO - 检查收件箱
2025-08-04 11:08:44,705 - INFO - 共找到 279 封邮件
2025-08-04 11:08:46,671 - INFO - 获取邮箱字节数据
2025-08-04 11:08:46,672 - INFO - 原始主题: =?utf-8?Q?=E7=B4=85=E6=9D=8F=2Eco=E9=82=AE=E7=AE=B1=E9=AA=8C?=
 =?utf-8?Q?=E8=AF=81=E7=A0=81=3A583377?=
2025-08-04 11:08:46,696 - INFO - 解码后主题: 紅杏.co邮箱验证码:583377
2025-08-04 11:08:46,696 - INFO - 验证码是:583377
2025-08-04 11:08:48,092 - INFO - {'success': True, 'data': {'token': 'ff9afd95deeb9af55ad1812c2cd03b2b', 'is_admin': 0, 'auth_data': 'eyJ0eXAiOiJKV1QiLCJhbGciOiJIUzI1NiJ9.eyJpZCI6MTE4MzQxLCJzZXNzaW9uIjoiOTZkODNiZTFiMTBjZDNhOTU2MDQyYzM1MGJkY2IyMTcifQ.Qe1gxu8ljG3ccKHojf_gOlRRn3b_LiZuGJElUmcX2vI'}}
2025-08-05 11:00:44,161 - INFO - 打开红杏 url
2025-08-05 11:00:46,066 - INFO - h1truhjfghn65
2025-08-05 11:01:20,987 - INFO - 连接网易服务器
2025-08-05 11:01:20,988 - INFO - 发送command命令
2025-08-05 11:01:21,520 - INFO - 登录邮箱服务器
2025-08-05 11:01:21,773 - INFO - 检查收件箱
2025-08-05 11:01:22,006 - INFO - 共找到 283 封邮件
2025-08-05 11:01:24,362 - INFO - 获取邮箱字节数据
2025-08-05 11:01:24,363 - INFO - 原始主题: =?utf-8?Q?=E7=B4=85=E6=9D=8F=2Eco=E9=82=AE=E7=AE=B1=E9=AA=8C?=
 =?utf-8?Q?=E8=AF=81=E7=A0=81=3A790743?=
2025-08-05 11:01:24,364 - INFO - 解码后主题: 紅杏.co邮箱验证码:790743
2025-08-05 11:01:24,364 - INFO - 验证码是:790743
2025-08-05 11:01:26,083 - INFO - {'success': True, 'data': {'token': '8b647019fa61b0df54ce4cae8446ee93', 'is_admin': 0, 'auth_data': 'eyJ0eXAiOiJKV1QiLCJhbGciOiJIUzI1NiJ9.eyJpZCI6MTE4NDU5LCJzZXNzaW9uIjoiODYxN2VmODc3MGFhNjg0MDQ4ZmY5NDcyMGY3ODMxMzIifQ.PHCXUG2Y3W0swb1MkkOyOEgI3EOskt1Pk6sGz7kN8ro'}}
2025-08-06 10:59:06,460 - INFO - 打开红杏 url
2025-08-06 10:59:09,291 - INFO - g1dfghrft5
2025-08-06 10:59:43,673 - INFO - 连接网易服务器
2025-08-06 10:59:43,674 - INFO - 发送command命令
2025-08-06 10:59:44,226 - INFO - 登录邮箱服务器
2025-08-06 10:59:44,466 - INFO - 检查收件箱
2025-08-06 10:59:44,709 - INFO - 共找到 289 封邮件
2025-08-06 10:59:47,884 - INFO - 获取邮箱字节数据
2025-08-06 10:59:47,884 - INFO - 原始主题: =?utf-8?Q?=E7=B4=85=E6=9D=8F=2Eco=E9=82=AE=E7=AE=B1=E9=AA=8C?=
 =?utf-8?Q?=E8=AF=81=E7=A0=81=3A517641?=
2025-08-06 10:59:47,887 - INFO - 解码后主题: 紅杏.co邮箱验证码:517641
2025-08-06 10:59:47,887 - INFO - 验证码是:517641
2025-08-06 10:59:49,688 - INFO - {'success': True, 'data': {'token': 'd42b79d346eb6048e27008e831da6138', 'is_admin': 0, 'auth_data': 'eyJ0eXAiOiJKV1QiLCJhbGciOiJIUzI1NiJ9.eyJpZCI6MTE4NTczLCJzZXNzaW9uIjoiMWM2YTc3Y2QzYTE3MDFhMzZiMzY1ZjVlOGQ1MTcyOTYifQ.kpdBi6_Nk8QKRrGGKShi9mR4SL5N4nddXQO_02_ZEVc'}}
2025-08-07 10:59:06,796 - INFO - 打开红杏 url
2025-08-07 10:59:08,308 - INFO - h1jhiy7
2025-08-07 10:59:41,246 - INFO - 连接网易服务器
2025-08-07 10:59:41,247 - INFO - 发送command命令
2025-08-07 10:59:41,665 - INFO - 登录邮箱服务器
2025-08-07 10:59:41,840 - INFO - 检查收件箱
2025-08-07 10:59:42,018 - INFO - 共找到 292 封邮件
2025-08-07 10:59:43,807 - INFO - 获取邮箱字节数据
2025-08-07 10:59:43,807 - INFO - 原始主题: =?utf-8?Q?=E7=B4=85=E6=9D=8F=2Eco=E9=82=AE=E7=AE=B1=E9=AA=8C?=
 =?utf-8?Q?=E8=AF=81=E7=A0=81=3A870476?=
2025-08-07 10:59:43,810 - INFO - 解码后主题: 紅杏.co邮箱验证码:870476
2025-08-07 10:59:43,810 - INFO - 验证码是:870476
2025-08-07 10:59:45,599 - INFO - {'success': True, 'data': {'token': '88e556b6cf1b7d042fb3a7c9eb8a195d', 'is_admin': 0, 'auth_data': 'eyJ0eXAiOiJKV1QiLCJhbGciOiJIUzI1NiJ9.eyJpZCI6MTE4NjgwLCJzZXNzaW9uIjoiMDA1NzJhN2ZmMWRiZTc3YTM5YzYwNzNjNWY4NzEzNjMifQ.-R7gpfQqIXq3JHobyAim5bH5RzzaxwQFQRrlTW5EfeM'}}
2025-08-08 10:58:42,815 - INFO - 打开红杏 url
2025-08-08 10:58:44,415 - INFO - g1gfhf5
2025-08-08 10:59:17,573 - INFO - 连接网易服务器
2025-08-08 10:59:17,574 - INFO - 发送command命令
2025-08-08 10:59:17,961 - INFO - 登录邮箱服务器
2025-08-08 10:59:18,163 - INFO - 检查收件箱
2025-08-08 10:59:18,335 - INFO - 共找到 295 封邮件
2025-08-08 10:59:20,440 - INFO - 获取邮箱字节数据
2025-08-08 10:59:20,440 - INFO - 原始主题: =?utf-8?Q?=E7=B4=85=E6=9D=8F=2Eco=E9=82=AE=E7=AE=B1=E9=AA=8C?=
 =?utf-8?Q?=E8=AF=81=E7=A0=81=3A474114?=
2025-08-08 10:59:20,442 - INFO - 解码后主题: 紅杏.co邮箱验证码:474114
2025-08-08 10:59:20,442 - INFO - 验证码是:474114
2025-08-08 10:59:22,160 - INFO - {'success': True, 'data': {'token': '90784104809f4859b73d47429c31543a', 'is_admin': 0, 'auth_data': 'eyJ0eXAiOiJKV1QiLCJhbGciOiJIUzI1NiJ9.eyJpZCI6MTE4Nzg3LCJzZXNzaW9uIjoiNTM5MTBmYmFlNDM1YTI1ZTlmZDI3YzgxYzZkZTQyODAiLCJpYXQiOjE3NTQ2MjE5NjIsImV4cCI6MTc1NDY0MzU2Mn0.tOUzcLeJ-xeYbo0kGrTRpiZWzVtVR7thLKaIMCrMx3I'}}
2025-08-09 10:44:46,965 - INFO - 打开红杏 url
2025-08-09 10:44:49,433 - INFO - h1fdgfdy56
2025-08-09 10:45:22,500 - INFO - 连接网易服务器
2025-08-09 10:45:22,501 - INFO - 发送command命令
2025-08-09 10:45:22,976 - INFO - 登录邮箱服务器
2025-08-09 10:45:23,174 - INFO - 检查收件箱
2025-08-09 10:45:23,370 - INFO - 共找到 287 封邮件
2025-08-09 10:45:25,374 - INFO - 获取邮箱字节数据
2025-08-09 10:45:25,374 - INFO - 原始主题: =?utf-8?Q?=E7=B4=85=E6=9D=8F=2Eco=E9=82=AE=E7=AE=B1=E9=AA=8C?=
 =?utf-8?Q?=E8=AF=81=E7=A0=81=3A266252?=
2025-08-09 10:45:25,377 - INFO - 解码后主题: 紅杏.co邮箱验证码:266252
2025-08-09 10:45:25,378 - INFO - 验证码是:266252
2025-08-09 10:45:27,942 - INFO - {'success': True, 'data': {'token': '48c75ac6befd390bb28db777afbc39da', 'is_admin': 0, 'auth_data': 'eyJ0eXAiOiJKV1QiLCJhbGciOiJIUzI1NiJ9.eyJpZCI6MTE4OTAzLCJzZXNzaW9uIjoiNjg2ZDdhYmViZTY0NzZjZmEyNThmMjI5ZjBhY2VkNWQiLCJpYXQiOjE3NTQ3MDc1MjgsImV4cCI6MTc1NDcyOTEyOH0.GwznIvbvwwp-Ww7lEigyV-N_Zc9qaoP3EwtDh4pm3cE'}}
2025-08-10 11:00:37,408 - INFO - 打开红杏 url
2025-08-10 11:00:39,331 - INFO - g1sdflsdfo3
2025-08-10 11:01:12,546 - INFO - 连接网易服务器
2025-08-10 11:01:12,547 - INFO - 发送command命令
2025-08-10 11:01:13,023 - INFO - 登录邮箱服务器
2025-08-10 11:01:13,233 - INFO - 检查收件箱
2025-08-10 11:01:13,427 - INFO - 共找到 253 封邮件
2025-08-10 11:01:15,439 - INFO - 获取邮箱字节数据
2025-08-10 11:01:15,439 - INFO - 原始主题: =?utf-8?Q?=E7=B4=85=E6=9D=8F=2Eco=E9=82=AE=E7=AE=B1=E9=AA=8C?=
 =?utf-8?Q?=E8=AF=81=E7=A0=81=3A212560?=
2025-08-10 11:01:15,447 - INFO - 解码后主题: 紅杏.co邮箱验证码:212560
2025-08-10 11:01:15,448 - INFO - 验证码是:212560
2025-08-10 11:01:17,211 - INFO - {'success': False, 'data': '该邮箱已被注册'}
2025-08-12 10:43:10,438 - INFO - 打开红杏 url
2025-08-12 10:43:12,689 - INFO - h1kgihjf3i1sefd2
2025-08-12 10:43:45,593 - INFO - 连接网易服务器
2025-08-12 10:43:45,594 - INFO - 发送command命令
2025-08-12 10:43:46,022 - INFO - 登录邮箱服务器
2025-08-12 10:43:46,226 - INFO - 检查收件箱
2025-08-12 10:43:46,399 - INFO - 共找到 237 封邮件
2025-08-12 10:43:48,372 - INFO - 获取邮箱字节数据
2025-08-12 10:43:48,372 - INFO - 原始主题: =?utf-8?Q?=E7=B4=85=E8=91=89=E9=82=AE=E7=AE=B1?=
 =?utf-8?Q?=E9=AA=8C=E8=AF=81=E7=A0=81=3A586455?=
2025-08-12 10:43:48,383 - INFO - 解码后主题: 紅葉邮箱验证码:586455
2025-08-12 10:43:48,383 - INFO - 验证码是:586455
2025-08-12 10:43:50,302 - INFO - {'success': False, 'data': '邮箱验证码有误'}
2025-08-13 10:45:07,936 - INFO - 打开红杏 url
2025-08-13 10:45:10,482 - INFO - j1derfse23
2025-08-13 10:45:44,286 - INFO - 连接网易服务器
2025-08-13 10:45:44,288 - INFO - 发送command命令
2025-08-13 10:45:44,728 - INFO - 登录邮箱服务器
2025-08-13 10:45:44,909 - INFO - 检查收件箱
2025-08-13 10:45:45,086 - INFO - 共找到 238 封邮件
2025-08-13 10:45:47,814 - INFO - 获取邮箱字节数据
2025-08-13 10:45:47,815 - INFO - 原始主题: =?utf-8?Q?=E7=B4=85=E6=9D=8F=2Eco=E9=82=AE=E7=AE=B1=E9=AA=8C?=
 =?utf-8?Q?=E8=AF=81=E7=A0=81=3A338727?=
2025-08-13 10:45:47,817 - INFO - 解码后主题: 紅杏.co邮箱验证码:338727
2025-08-13 10:45:47,817 - INFO - 验证码是:338727
2025-08-13 10:45:48,513 - INFO - {'success': False, 'data': '该邮箱已被注册'}
2025-08-14 18:41:04,202 - INFO - 打开红杏 url
2025-08-14 18:41:08,454 - INFO - i1sadfe2
2025-08-15 10:47:35,410 - INFO - 打开红杏 url
2025-08-15 10:47:37,445 - INFO - i1sadfe2
2025-08-16 10:39:22,727 - INFO - 打开红杏 url
2025-08-16 10:39:25,193 - INFO - i1sadfe2
2025-08-17 10:51:22,156 - INFO - 打开红杏 url
2025-08-17 10:51:24,358 - INFO - i1sadfe2
2025-08-18 10:54:35,408 - INFO - 打开红杏 url
2025-08-18 10:54:38,100 - INFO - i1sadfe2
2025-08-19 19:28:37,535 - INFO - 打开红杏 url
2025-08-19 19:28:40,510 - INFO - i1sadfe2
2025-08-19 19:36:10,802 - INFO - 打开红杏 url
2025-08-19 19:36:14,499 - INFO - i1sadfe2
2025-08-20 10:26:49,329 - INFO - 打开红杏 url
2025-08-20 10:26:51,051 - INFO - i1sadfe2
2025-08-21 10:26:10,566 - INFO - 打开红杏 url
2025-08-21 10:26:14,704 - INFO - i1sadfe2
2025-08-22 10:26:42,089 - INFO - 打开红杏 url
2025-08-22 10:26:44,933 - INFO - i1sadfe2
2025-08-24 20:57:28,115 - INFO - 打开红杏 url
2025-08-24 21:00:29,515 - INFO - 打开红杏 url
2025-08-24 21:00:31,544 - INFO - i1sadfe2
2025-08-24 21:03:44,585 - INFO - 打开红杏 url
2025-08-24 21:03:47,554 - INFO - i1sadfe2
2025-08-24 21:09:05,130 - INFO - 打开红杏 url
2025-08-24 21:09:07,758 - INFO - j1saf33d
2025-08-24 21:09:42,666 - INFO - 连接网易服务器
2025-08-24 21:09:42,667 - INFO - 发送command命令
2025-08-24 21:09:43,213 - INFO - 登录邮箱服务器
2025-08-24 21:09:43,455 - INFO - 检查收件箱
2025-08-24 21:09:43,695 - INFO - 共找到 188 封邮件
2025-08-24 21:09:46,317 - INFO - 获取邮箱字节数据
2025-08-24 21:09:46,317 - INFO - 原始主题: =?utf-8?Q?=E7=B4=85=E6=9D=8F=2Eco=E9=82=AE=E7=AE=B1=E9=AA=8C?=
 =?utf-8?Q?=E8=AF=81=E7=A0=81=3A521583?=
2025-08-24 21:09:46,319 - INFO - 解码后主题: 紅杏.co邮箱验证码:521583
2025-08-24 21:09:46,319 - INFO - 验证码是:521583
2025-08-24 21:09:48,009 - INFO - {'success': False, 'data': '该邮箱已被注册'}
2025-08-24 21:13:48,277 - INFO - 打开红杏 url
2025-08-24 21:13:50,787 - INFO - j1dsfefff3
2025-08-24 21:14:24,199 - INFO - 连接网易服务器
2025-08-24 21:14:24,205 - INFO - 发送command命令
2025-08-24 21:14:24,646 - INFO - 登录邮箱服务器
2025-08-24 21:14:24,854 - INFO - 检查收件箱
2025-08-24 21:14:25,059 - INFO - 共找到 189 封邮件
2025-08-24 21:14:27,606 - INFO - 获取邮箱字节数据
2025-08-24 21:14:27,606 - INFO - 原始主题: =?utf-8?Q?=E7=B4=85=E6=9D=8F=2Eco=E9=82=AE=E7=AE=B1=E9=AA=8C?=

 =?utf-8?Q?=E8=AF=81=E7=A0=81=3A309575?=
2025-08-24 21:14:27,610 - INFO - 解码后主题: 紅杏.co邮箱验证码:309575
2025-08-24 21:14:27,610 - INFO - 验证码是:309575
2025-08-24 21:14:29,183 - INFO - {'success': True, 'data': {'token': '7be2c0068c68b26e60793ea7e130a9aa', 'is_admin': 0, 'auth_data': 'eyJ0eXAiOiJKV1QiLCJhbGciOiJIUzI1NiJ9.eyJpZCI6MTIwNTkxLCJzZXNzaW9uIjoiMzdmZTcxN2U4NWFlZTY5ZWM2MTMxMTRjNTE5ZDVlN2QiLCJpYXQiOjE3NTYwNDEyNjksImV4cCI6MTc1NjA2Mjg2OX0.cIvsGHXpmy-_r-3g30vyaxBYCItC8tY6s9StivTzMus'}}
2025-08-24 21:17:19,522 - INFO - {'success': True, 'data': {'token': '3f025bc88c8b1fb46a3d67d30d0abf1b', 'is_admin': 0, 'auth_data': '***'}}
2025-08-25 10:42:23,432 - INFO - 打开红杏 url
2025-08-25 10:42:26,075 - INFO - i1safdas2
2025-08-25 10:42:59,293 - INFO - 连接网易服务器
2025-08-25 10:42:59,295 - INFO - 发送command命令
2025-08-25 10:42:59,805 - INFO - 登录邮箱服务器
2025-08-25 10:43:00,018 - INFO - 检查收件箱
2025-08-25 10:43:00,189 - INFO - 共找到 187 封邮件
2025-08-25 10:43:02,045 - INFO - 获取邮箱字节数据
2025-08-25 10:43:02,045 - INFO - 原始主题: =?utf-8?Q?=E7=B4=85=E6=9D=8F=2Eco=E9=82=AE=E7=AE=B1=E9=AA=8C?=
 =?utf-8?Q?=E8=AF=81=E7=A0=81=3A783429?=
2025-08-25 10:43:02,048 - INFO - 解码后主题: 紅杏.co邮箱验证码:783429
2025-08-25 10:43:02,048 - INFO - 验证码是:783429
2025-08-25 10:43:03,791 - INFO - {'success': False, 'data': '该邮箱已被注册'}
2025-08-26 10:27:46,382 - INFO - 打开红杏 url
2025-08-26 10:27:48,697 - INFO - j1dfsd3
2025-08-26 10:28:23,078 - INFO - 连接网易服务器
2025-08-26 10:28:23,079 - INFO - 发送command命令
2025-08-26 10:28:23,552 - INFO - 登录邮箱服务器
2025-08-26 10:28:23,777 - INFO - 检查收件箱
2025-08-26 10:28:23,976 - INFO - 共找到 187 封邮件
2025-08-26 10:28:26,468 - INFO - 获取邮箱字节数据
2025-08-26 10:28:26,468 - INFO - 原始主题: =?utf-8?Q?=E7=B4=85=E6=9D=8F=2Eco=E9=82=AE=E7=AE=B1=E9=AA=8C?=
 =?utf-8?Q?=E8=AF=81=E7=A0=81=3A929290?=
2025-08-26 10:28:26,476 - INFO - 解码后主题: 紅杏.co邮箱验证码:929290
2025-08-26 10:28:26,476 - INFO - 验证码是:929290
2025-08-26 10:28:28,596 - INFO - {'success': True, 'data': {'token': '33a20d539a1f5547b973a1e1cdbdbc73', 'is_admin': 0, 'auth_data': 'eyJ0eXAiOiJKV1QiLCJhbGciOiJIUzI1NiJ9.eyJpZCI6MTIwNjg1LCJzZXNzaW9uIjoiYzNkODM5YTAyODFjM2FlZjM3YWIyYTU4ZTU0NDZkY2QiLCJpYXQiOjE3NTYxNzUzMDgsImV4cCI6MTc1NjE5NjkwOH0.USFads1ee1W156mGIb9oHmaxpcdAFnOT55uOvtVB0Sw'}}
2025-08-27 10:22:31,267 - INFO - 打开红杏 url
2025-08-27 10:22:33,339 - INFO - i1sadfasd32
2025-08-27 10:23:06,410 - INFO - 连接网易服务器
2025-08-27 10:23:06,410 - INFO - 发送command命令
2025-08-27 10:23:06,860 - INFO - 登录邮箱服务器
2025-08-27 10:23:07,060 - INFO - 检查收件箱
2025-08-27 10:23:07,234 - INFO - 共找到 187 封邮件
2025-08-27 10:23:09,714 - INFO - 获取邮箱字节数据
2025-08-27 10:23:09,714 - INFO - 原始主题: =?utf-8?Q?=E7=B4=85=E6=9D=8F=2Eco=E9=82=AE=E7=AE=B1=E9=AA=8C?=
 =?utf-8?Q?=E8=AF=81=E7=A0=81=3A341159?=
2025-08-27 10:23:09,716 - INFO - 解码后主题: 紅杏.co邮箱验证码:341159
2025-08-27 10:23:09,716 - INFO - 验证码是:341159
2025-08-27 10:23:11,250 - INFO - {'success': True, 'data': {'token': '8641c572c29ffff080d609a60d31afe1', 'is_admin': 0, 'auth_data': 'eyJ0eXAiOiJKV1QiLCJhbGciOiJIUzI1NiJ9.eyJpZCI6MTIwNzM0LCJzZXNzaW9uIjoiNWJhZGQyMGMyNDliOTc2Zjc2OGZhOGQwMjU3MDlhZWQiLCJpYXQiOjE3NTYyNjEzOTEsImV4cCI6MTc1NjI4Mjk5MX0.BNeh6OtfziOGjgD0tC_CtivSWPop61rQMkxoxEVc5uU'}}
2025-08-28 10:21:57,003 - INFO - 打开红杏 url
2025-08-28 10:21:59,069 - INFO - j1sdfg23
2025-08-28 10:22:32,324 - INFO - 连接网易服务器
2025-08-28 10:22:32,329 - INFO - 发送command命令
2025-08-28 10:22:32,747 - INFO - 登录邮箱服务器
2025-08-28 10:22:32,946 - INFO - 检查收件箱
2025-08-28 10:22:33,121 - INFO - 共找到 187 封邮件
2025-08-28 10:22:35,153 - INFO - 获取邮箱字节数据
2025-08-28 10:22:35,153 - INFO - 原始主题: =?utf-8?Q?=E7=B4=85=E6=9D=8F=2Eco=E9=82=AE=E7=AE=B1=E9=AA=8C?=
 =?utf-8?Q?=E8=AF=81=E7=A0=81=3A591948?=
2025-08-28 10:22:35,162 - INFO - 解码后主题: 紅杏.co邮箱验证码:591948
2025-08-28 10:22:35,162 - INFO - 验证码是:591948
2025-08-28 10:22:36,915 - INFO - {'success': True, 'data': {'token': '7f96cbe04ded05c256f105f1c53a2fc5', 'is_admin': 0, 'auth_data': 'eyJ0eXAiOiJKV1QiLCJhbGciOiJIUzI1NiJ9.eyJpZCI6MTIwODIwLCJzZXNzaW9uIjoiMGZiZTNjZDlhZDM0NTYxM2ViOWQxMjE3MTVmNWJmYzYiLCJpYXQiOjE3NTYzNDc3NTcsImV4cCI6MTc1NjM2OTM1N30.3YCEXRKwFuxXGJ9cloTt1wc5tgHZ-YT-Dubti5ML5x8'}}
2025-08-29 10:23:56,542 - INFO - 打开红杏 url
2025-08-29 10:23:58,857 - INFO - i1sadfed2
2025-08-29 10:24:32,326 - INFO - 连接网易服务器
2025-08-29 10:24:32,327 - INFO - 发送command命令
2025-08-29 10:24:32,817 - INFO - 登录邮箱服务器
2025-08-29 10:24:33,014 - INFO - 检查收件箱
2025-08-29 10:24:33,208 - INFO - 共找到 182 封邮件
2025-08-29 10:24:35,188 - INFO - 获取邮箱字节数据
2025-08-29 10:24:35,188 - INFO - 原始主题: =?utf-8?Q?=E7=B4=85=E6=9D=8F=2Eco=E9=82=AE=E7=AE=B1=E9=AA=8C?=
 =?utf-8?Q?=E8=AF=81=E7=A0=81=3A414776?=
2025-08-29 10:24:35,191 - INFO - 解码后主题: 紅杏.co邮箱验证码:414776
2025-08-29 10:24:35,191 - INFO - 验证码是:414776
2025-08-29 10:24:36,927 - INFO - {'success': True, 'data': {'token': '4c36b0562c74e2a2fcb6e461f5d5db5b', 'is_admin': 0, 'auth_data': 'eyJ0eXAiOiJKV1QiLCJhbGciOiJIUzI1NiJ9.eyJpZCI6MTIwODc0LCJzZXNzaW9uIjoiMmE2NzA4OWUyMDkwY2QwMGVjZGYzNmU2ODE4N2U3YTgiLCJpYXQiOjE3NTY0MzQyNzcsImV4cCI6MTc1NjQ1NTg3N30.-CEmH_X2ED7Xrei7z8t8dRpSh5Byq-ZM1nkLLIf7xbk'}}
2025-08-29 14:08:40,169 - INFO - 打开红杏 url
2025-08-29 14:08:42,192 - INFO - j1sdfsel3
2025-08-29 14:09:15,827 - INFO - 连接网易服务器
2025-08-29 14:09:15,828 - INFO - 发送command命令
2025-08-29 14:09:16,228 - INFO - 登录邮箱服务器
2025-08-29 14:09:16,402 - INFO - 检查收件箱
2025-08-29 14:09:16,578 - INFO - 共找到 183 封邮件
2025-08-29 14:09:18,313 - INFO - 获取邮箱字节数据
2025-08-29 14:09:18,313 - INFO - 原始主题: =?utf-8?Q?=E7=B4=85=E6=9D=8F=2Eco=E9=82=AE=E7=AE=B1=E9=AA=8C?=
 =?utf-8?Q?=E8=AF=81=E7=A0=81=3A148350?=
2025-08-29 14:09:18,320 - INFO - 解码后主题: 紅杏.co邮箱验证码:148350
2025-08-29 14:09:18,320 - INFO - 验证码是:148350
2025-08-29 14:09:20,001 - INFO - {'success': True, 'data': {'token': '4e7d8de2bb143df1790825ab4b88a2c2', 'is_admin': 0, 'auth_data': 'eyJ0eXAiOiJKV1QiLCJhbGciOiJIUzI1NiJ9.eyJpZCI6MTIwODg1LCJzZXNzaW9uIjoiOWJhMjMzN2UxMjU3YjE0NDYzN2YxZTMzYTk4ODhiYTMiLCJpYXQiOjE3NTY0NDc3NjAsImV4cCI6MTc1NjQ2OTM2MH0.Xu7O7R9P7ZgVjY8GVDPuy-SSMECfcJlMQEusLjMdMyQ'}}
2025-08-29 15:11:29,497 - INFO - 打开红杏 url
2025-08-29 15:11:31,855 - INFO - i1afsdf2
2025-08-29 15:12:04,960 - INFO - 连接网易服务器
2025-08-29 15:12:04,961 - INFO - 发送command命令
2025-08-29 15:12:05,958 - INFO - 登录邮箱服务器
2025-08-29 15:12:06,197 - INFO - 检查收件箱
2025-08-29 15:12:06,403 - INFO - 共找到 184 封邮件
2025-08-29 15:12:08,750 - INFO - 获取邮箱字节数据
2025-08-29 15:12:08,751 - INFO - 原始主题: =?utf-8?Q?=E7=B4=85=E6=9D=8F=2Eco=E9=82=AE=E7=AE=B1=E9=AA=8C?=
 =?utf-8?Q?=E8=AF=81=E7=A0=81=3A378637?=
2025-08-29 15:12:08,758 - INFO - 解码后主题: 紅杏.co邮箱验证码:378637
2025-08-29 15:12:08,758 - INFO - 验证码是:378637
2025-08-29 15:12:10,794 - INFO - {'success': True, 'data': {'token': '8c74c3aaa4e318c6e5816569c317e29f', 'is_admin': 0, 'auth_data': 'eyJ0eXAiOiJKV1QiLCJhbGciOiJIUzI1NiJ9.eyJpZCI6MTIwODg5LCJzZXNzaW9uIjoiZTA2NGNhOGI0ZWRiOTM1ZjFiZWJjNWU2MmUyY2JiZDkiLCJpYXQiOjE3NTY0NTE1MzEsImV4cCI6MTc1NjQ3MzEzMX0.MHhnN95Vn7QJPOkry1ku4JsR63Gg03TP92JepGOoVgs'}}
2025-08-29 16:08:50,484 - INFO - 打开红杏 url
2025-08-29 16:08:52,489 - INFO - j1sdfdk5
2025-08-29 16:09:26,674 - INFO - 连接网易服务器
2025-08-29 16:09:26,675 - INFO - 发送command命令
2025-08-29 16:09:27,174 - INFO - 登录邮箱服务器
2025-08-29 16:09:27,405 - INFO - 检查收件箱
2025-08-29 16:09:27,615 - INFO - 共找到 185 封邮件
2025-08-29 16:09:29,762 - INFO - 获取邮箱字节数据
2025-08-29 16:09:29,763 - INFO - 原始主题: =?utf-8?Q?=E7=B4=85=E6=9D=8F=2Eco=E9=82=AE=E7=AE=B1=E9=AA=8C?=
 =?utf-8?Q?=E8=AF=81=E7=A0=81=3A247120?=
2025-08-29 16:09:29,766 - INFO - 解码后主题: 紅杏.co邮箱验证码:247120
2025-08-29 16:09:29,770 - INFO - 验证码是:247120
2025-08-29 16:09:31,610 - INFO - {'success': False, 'data': '该邮箱已被注册'}
2025-08-29 17:25:17,692 - INFO - 111
2025-08-29 17:27:03,393 - INFO - 打开红杏 url
2025-08-29 17:27:05,838 - INFO - b1thrh655g
2025-08-29 17:27:39,228 - INFO - 连接网易服务器
2025-08-29 17:27:39,229 - INFO - 发送command命令
2025-08-29 17:27:39,628 - INFO - 登录邮箱服务器
2025-08-29 17:27:39,820 - INFO - 检查收件箱
2025-08-29 17:27:39,994 - INFO - 共找到 194 封邮件
2025-08-29 17:27:42,198 - INFO - 获取邮箱字节数据
2025-08-29 17:27:42,198 - INFO - 原始主题: =?utf-8?Q?=E7=B4=85=E6=9D=8F=2Eco=E9=82=AE=E7=AE=B1=E9=AA=8C?=
 =?utf-8?Q?=E8=AF=81=E7=A0=81=3A414549?=
2025-08-29 17:27:42,201 - INFO - 解码后主题: 紅杏.co邮箱验证码:414549
2025-08-29 17:27:42,202 - INFO - 验证码是:414549
2025-08-29 17:27:43,992 - INFO - {'success': True, 'data': {'token': '977eb72e4427a1125398e0ad53f5628a', 'is_admin': 0, 'auth_data': 'eyJ0eXAiOiJKV1QiLCJhbGciOiJIUzI1NiJ9.eyJpZCI6MTIwODk1LCJzZXNzaW9uIjoiYzg1YjA5NzAwODBhZDRkOGZiM2VhMjA3ZGMxYjcyMWMiLCJpYXQiOjE3NTY0NTk2NjQsImV4cCI6MTc1NjQ4MTI2NH0.AJYNpqjz09CipOrioZdSYZJiKcSHbbmG-wMX_hiBey8'}}
2025-08-29 17:30:07,299 - INFO - 打开红杏 url
2025-08-29 17:30:09,778 - INFO - a1dgsergsdr33
2025-08-29 17:30:43,584 - INFO - 连接网易服务器
2025-08-29 17:30:43,584 - INFO - 发送command命令
2025-08-29 17:30:44,083 - INFO - 登录邮箱服务器
2025-08-29 17:30:44,320 - INFO - 检查收件箱
2025-08-29 17:30:44,553 - INFO - 共找到 195 封邮件
2025-08-29 17:30:46,889 - INFO - 获取邮箱字节数据
2025-08-29 17:30:46,890 - INFO - 原始主题: =?utf-8?Q?=E7=B4=85=E6=9D=8F=2Eco=E9=82=AE=E7=AE=B1=E9=AA=8C?=
 =?utf-8?Q?=E8=AF=81=E7=A0=81=3A916509?=
2025-08-29 17:30:46,891 - INFO - 解码后主题: 紅杏.co邮箱验证码:916509
2025-08-29 17:30:46,891 - INFO - 验证码是:916509
2025-08-29 17:30:48,543 - INFO - {'success': True, 'data': {'token': '34b2fb8f99d6072f2df3d5ca5fd5e73e', 'is_admin': 0, 'auth_data': 'eyJ0eXAiOiJKV1QiLCJhbGciOiJIUzI1NiJ9.eyJpZCI6MTIwODk3LCJzZXNzaW9uIjoiYjc0MGJlMGFjNmY3NDQ3MjY2NjkzMjFhNTcwNTc2MWIiLCJpYXQiOjE3NTY0NTk4NDgsImV4cCI6MTc1NjQ4MTQ0OH0.jbEeGzzvu4gyFC0TnzvzkVRVJpKjX5rli6g4u5y4QIA'}}
2025-08-30 09:24:47,350 - INFO - 打开红杏 url
2025-08-30 09:24:49,636 - INFO - b1gj65tg
2025-08-30 09:25:23,060 - INFO - 连接网易服务器
2025-08-30 09:25:23,061 - INFO - 发送command命令
2025-08-30 09:25:23,542 - INFO - 登录邮箱服务器
2025-08-30 09:25:23,744 - INFO - 检查收件箱
2025-08-30 09:25:23,937 - INFO - 共找到 187 封邮件
2025-08-30 09:25:25,957 - INFO - 获取邮箱字节数据
2025-08-30 09:25:25,957 - INFO - 原始主题: =?utf-8?Q?=E7=B4=85=E6=9D=8F=2Eco=E9=82=AE=E7=AE=B1=E9=AA=8C?=
 =?utf-8?Q?=E8=AF=81=E7=A0=81=3A152907?=
2025-08-30 09:25:25,959 - INFO - 解码后主题: 紅杏.co邮箱验证码:152907
2025-08-30 09:25:25,959 - INFO - 验证码是:152907
2025-08-30 09:25:27,861 - INFO - {'success': True, 'data': {'token': 'b179447cf8986e929add18a13b949d44', 'is_admin': 0, 'auth_data': 'eyJ0eXAiOiJKV1QiLCJhbGciOiJIUzI1NiJ9.eyJpZCI6MTIwOTM2LCJzZXNzaW9uIjoiZjBiMTE3YzA1NzQ3ZGVmYTg4MThlMjZlYjBhZjI0NmMiLCJpYXQiOjE3NTY1MTcxMjgsImV4cCI6MTc1NjUzODcyOH0.t-KGPINLeLOMX9nBaHI9L1ylZjJ1-vLhUGx_0a95U-Y'}}
2025-08-31 09:41:41,097 - INFO - 打开红杏 url
2025-08-31 09:41:43,157 - INFO - a1fdgrrfg45
2025-08-31 09:42:16,406 - INFO - 连接网易服务器
2025-08-31 09:42:16,408 - INFO - 发送command命令
2025-08-31 09:42:16,858 - INFO - 登录邮箱服务器
2025-08-31 09:42:17,055 - INFO - 检查收件箱
2025-08-31 09:42:17,230 - INFO - 共找到 180 封邮件
2025-08-31 09:42:18,979 - INFO - 获取邮箱字节数据
2025-08-31 09:42:18,980 - INFO - 原始主题: =?utf-8?Q?=E7=B4=85=E6=9D=8F=2Eco=E9=82=AE=E7=AE=B1=E9=AA=8C?=
 =?utf-8?Q?=E8=AF=81=E7=A0=81=3A999051?=
2025-08-31 09:42:18,983 - INFO - 解码后主题: 紅杏.co邮箱验证码:999051
2025-08-31 09:42:18,983 - INFO - 验证码是:999051
2025-08-31 09:42:21,594 - INFO - {'success': True, 'data': {'token': '4d70534fbc56cae3ee97f5deb0945c3e', 'is_admin': 0, 'auth_data': 'eyJ0eXAiOiJKV1QiLCJhbGciOiJIUzI1NiJ9.eyJpZCI6MTIwOTk4LCJzZXNzaW9uIjoiOWE1MWM5MTk5YWQ5ZmIxYmQ1ODAxZDcxOTVmZDBkNmYiLCJpYXQiOjE3NTY2MDQ1NDEsImV4cCI6MTc1NjYyNjE0MX0.6q2JvOMReF_4ckz-2fwbCim-0_dy2phdwqTiT_EM51c'}}
2025-09-01 09:50:52,515 - INFO - 打开红杏 url
2025-09-01 09:50:54,463 - INFO - b1tyhtru55
2025-09-01 09:51:27,563 - INFO - 连接网易服务器
2025-09-01 09:51:27,564 - INFO - 发送command命令
2025-09-01 09:51:27,993 - INFO - 登录邮箱服务器
2025-09-01 09:51:28,171 - INFO - 检查收件箱
2025-09-01 09:51:28,346 - INFO - 共找到 177 封邮件
2025-09-01 09:51:30,116 - INFO - 获取邮箱字节数据
2025-09-01 09:51:30,116 - INFO - 原始主题: =?utf-8?Q?=E7=B4=85=E6=9D=8F=2Eco=E9=82=AE=E7=AE=B1=E9=AA=8C?=
 =?utf-8?Q?=E8=AF=81=E7=A0=81=3A313680?=
2025-09-01 09:51:30,125 - INFO - 解码后主题: 紅杏.co邮箱验证码:313680
2025-09-01 09:51:30,125 - INFO - 验证码是:313680
2025-09-01 09:51:32,130 - INFO - {'success': True, 'data': {'token': '9ad57de414dbf9bb1299e25dce9b81de', 'is_admin': 0, 'auth_data': 'eyJ0eXAiOiJKV1QiLCJhbGciOiJIUzI1NiJ9.eyJpZCI6MTIxMTA1LCJzZXNzaW9uIjoiYjBjMDFlZjdiMWIzMjY0NGU4ZGY5OWUwNjhmOTk3M2UiLCJpYXQiOjE3NTY2OTE0OTIsImV4cCI6MTc1NjcxMzA5Mn0.DH2W5w5kgnlU72jEcOyjGubOAkfdzRL1KvZC8EbiV7c'}}
2025-09-02 09:38:36,473 - INFO - 打开红杏 url
2025-09-02 09:38:40,657 - INFO - a1dfgsrfg34232
2025-09-02 09:39:17,510 - INFO - 连接网易服务器
2025-09-02 09:39:17,516 - INFO - 发送command命令
2025-09-02 09:39:18,033 - INFO - 登录邮箱服务器
2025-09-02 09:39:18,291 - INFO - 检查收件箱
2025-09-02 09:39:18,526 - INFO - 共找到 174 封邮件
2025-09-02 09:39:21,142 - INFO - 获取邮箱字节数据
2025-09-02 09:39:21,146 - INFO - 原始主题: =?utf-8?Q?=E7=B4=85=E6=9D=8F=2Eco=E9=82=AE=E7=AE=B1=E9=AA=8C?=
 =?utf-8?Q?=E8=AF=81=E7=A0=81=3A234630?=
2025-09-02 09:39:21,154 - INFO - 解码后主题: 紅杏.co邮箱验证码:234630
2025-09-02 09:39:21,155 - INFO - 验证码是:234630
2025-09-02 09:39:22,629 - INFO - {'success': True, 'data': {'token': 'e64367dcf620eabd259e1c9df076c284', 'is_admin': 0, 'auth_data': 'eyJ0eXAiOiJKV1QiLCJhbGciOiJIUzI1NiJ9.eyJpZCI6MTIxMjQwLCJzZXNzaW9uIjoiODVmN2ZhOWExYmI3NzI2ZmQ0ZTAzMDYxNzgzYTQzZDQiLCJpYXQiOjE3NTY3NzcxNjIsImV4cCI6MTc1Njc5ODc2Mn0.8ITBPJtYSkW9QrpTrIJAbR-7OFNWIt5NrNCaeqi26JY'}}
2025-09-03 09:24:47,446 - INFO - 打开红杏 url
2025-09-03 09:24:49,392 - INFO - b1fdytt54
2025-09-03 09:25:22,579 - INFO - 连接网易服务器
2025-09-03 09:25:22,580 - INFO - 发送command命令
2025-09-03 09:25:23,008 - INFO - 登录邮箱服务器
2025-09-03 09:25:23,181 - INFO - 检查收件箱
2025-09-03 09:25:23,357 - INFO - 共找到 172 封邮件
2025-09-03 09:25:25,068 - INFO - 获取邮箱字节数据
2025-09-03 09:25:25,068 - INFO - 原始主题: =?utf-8?Q?=E7=B4=85=E6=9D=8F=2Eco=E9=82=AE=E7=AE=B1=E9=AA=8C?=
 =?utf-8?Q?=E8=AF=81=E7=A0=81=3A598654?=
2025-09-03 09:25:25,070 - INFO - 解码后主题: 紅杏.co邮箱验证码:598654
2025-09-03 09:25:25,070 - INFO - 验证码是:598654
2025-09-03 09:25:26,407 - INFO - {'success': True, 'data': {'token': 'ac33623ee90c43aa7a3bbdb46bb95c9a', 'is_admin': 0, 'auth_data': 'eyJ0eXAiOiJKV1QiLCJhbGciOiJIUzI1NiJ9.eyJpZCI6MTIxMzY1LCJzZXNzaW9uIjoiOTJlOThmZDBiYmU3ODU0MThkN2M3ODNkYmFhNzRjNTkiLCJpYXQiOjE3NTY4NjI3MjYsImV4cCI6MTc1Njg4NDMyNn0.wJbNi36dwrXYTi84GlRM50eIIyMyivcEFLqZeqzj-SU'}}
2025-09-13 09:24:31,947 - INFO - 打开红杏 url
2025-09-13 09:24:34,262 - INFO - a1fgrt332f
2025-09-13 09:25:09,430 - INFO - 连接网易服务器
2025-09-13 09:25:09,431 - INFO - 发送command命令
2025-09-13 09:25:09,892 - INFO - 登录邮箱服务器
2025-09-13 09:25:10,086 - INFO - 检查收件箱
2025-09-13 09:25:10,281 - INFO - 共找到 136 封邮件
2025-09-13 09:25:12,467 - INFO - 获取邮箱字节数据
2025-09-13 09:25:12,468 - INFO - 原始主题: =?utf-8?Q?=E7=B4=85=E6=9D=8F=2Eco=E9=82=AE=E7=AE=B1=E9=AA=8C?=
 =?utf-8?Q?=E8=AF=81=E7=A0=81=3A127870?=
2025-09-13 09:25:12,473 - INFO - 解码后主题: 紅杏.co邮箱验证码:127870
2025-09-13 09:25:12,473 - INFO - 验证码是:127870
2025-09-13 09:25:14,438 - INFO - {'success': True, 'data': {'token': '0263fc142333d8ba9eeece4ef5c20f11', 'is_admin': 0, 'auth_data': 'eyJ0eXAiOiJKV1QiLCJhbGciOiJIUzI1NiJ9.eyJpZCI6MTIyNTcxLCJzZXNzaW9uIjoiZjhmY2JjZmM1ZTNhMTFjNTRlZmE4MDZmM2M0ZDdjOTkiLCJpYXQiOjE3NTc3MjY3MTQsImV4cCI6MTc1Nzc0ODMxNH0.5T_63huAjznFnVMs2wlavZdtESkIR-vp0w56tB7W50w'}}
2025-09-14 09:57:56,153 - INFO - 打开红杏 url
2025-09-14 09:57:58,488 - INFO - b1tyrtyr434
2025-09-14 09:58:33,050 - INFO - 连接网易服务器
2025-09-14 09:58:33,051 - INFO - 发送command命令
2025-09-14 09:58:33,536 - INFO - 登录邮箱服务器
2025-09-14 09:58:33,732 - INFO - 检查收件箱
2025-09-14 09:58:33,927 - INFO - 共找到 133 封邮件
2025-09-14 09:58:36,101 - INFO - 获取邮箱字节数据
2025-09-14 09:58:36,101 - INFO - 原始主题: =?utf-8?Q?=E7=B4=85=E6=9D=8F=2Eco=E9=82=AE=E7=AE=B1=E9=AA=8C?=
 =?utf-8?Q?=E8=AF=81=E7=A0=81=3A971952?=
2025-09-14 09:58:36,102 - INFO - 解码后主题: 紅杏.co邮箱验证码:971952
2025-09-14 09:58:36,103 - INFO - 验证码是:971952
2025-09-14 09:58:37,632 - INFO - {'success': True, 'data': {'token': 'e4650282b030d76bbc12f000c36774b0', 'is_admin': 0, 'auth_data': 'eyJ0eXAiOiJKV1QiLCJhbGciOiJIUzI1NiJ9.eyJpZCI6MTIyNjgyLCJzZXNzaW9uIjoiNWZmNTFiNjRmYWU5YTJiMWQ5ODYzNDJlYjRhN2QwOTgiLCJpYXQiOjE3NTc4MTUxMTcsImV4cCI6MTc1NzgzNjcxN30.ioNUk9gsUYFEVo-WUFCBvbQmDL-FpZJnYpDFP4bqln0'}}
2025-09-15 09:59:40,654 - INFO - 打开红杏 url
2025-09-15 09:59:43,248 - INFO - a1fdgrt443
2025-09-15 10:00:17,316 - INFO - 连接网易服务器
2025-09-15 10:00:17,316 - INFO - 发送command命令
2025-09-15 10:00:17,810 - INFO - 登录邮箱服务器
2025-09-15 10:00:18,009 - INFO - 检查收件箱
2025-09-15 10:00:18,205 - INFO - 共找到 132 封邮件
2025-09-15 10:00:20,204 - INFO - 获取邮箱字节数据
2025-09-15 10:00:20,204 - INFO - 原始主题: =?utf-8?Q?=E7=B4=85=E6=9D=8F=2Eco=E9=82=AE=E7=AE=B1=E9=AA=8C?=
 =?utf-8?Q?=E8=AF=81=E7=A0=81=3A529546?=
2025-09-15 10:00:20,206 - INFO - 解码后主题: 紅杏.co邮箱验证码:529546
2025-09-15 10:00:20,207 - INFO - 验证码是:529546
2025-09-15 10:00:21,734 - INFO - {'success': True, 'data': {'token': '0861dc3c5ddf355902895538a0bab57f', 'is_admin': 0, 'auth_data': 'eyJ0eXAiOiJKV1QiLCJhbGciOiJIUzI1NiJ9.eyJpZCI6MTIyNzg3LCJzZXNzaW9uIjoiYjRhNTAyMGNkNDAyOGMzMzg3ZDcxZDQ2NTUxODQ2YWMiLCJpYXQiOjE3NTc5MDE2MjEsImV4cCI6MTc1NzkyMzIyMX0.CY4r2457ybPz2R3y401lVDdM4KzM9OgoXrAQc9fiFFw'}}
2025-09-16 09:50:39,361 - INFO - 打开红杏 url
2025-09-16 09:50:43,189 - INFO - b1ghftyu55
2025-09-16 09:51:16,773 - INFO - 连接网易服务器
2025-09-16 09:51:16,774 - INFO - 发送command命令
2025-09-16 09:51:17,264 - INFO - 登录邮箱服务器
2025-09-16 09:51:17,459 - INFO - 检查收件箱
2025-09-16 09:51:17,652 - INFO - 共找到 130 封邮件
2025-09-16 09:51:19,749 - INFO - 获取邮箱字节数据
2025-09-16 09:51:19,749 - INFO - 原始主题: =?utf-8?Q?=E7=B4=85=E6=9D=8F=2Eco=E9=82=AE=E7=AE=B1=E9=AA=8C?=
 =?utf-8?Q?=E8=AF=81=E7=A0=81=3A295122?=
2025-09-16 09:51:19,752 - INFO - 解码后主题: 紅杏.co邮箱验证码:295122
2025-09-16 09:51:19,752 - INFO - 验证码是:295122
2025-09-16 09:51:20,939 - INFO - {'success': True, 'data': {'token': '88cc9b3d9245d2a80408b47beedb4705', 'is_admin': 0, 'auth_data': 'eyJ0eXAiOiJKV1QiLCJhbGciOiJIUzI1NiJ9.eyJpZCI6MTIyODk0LCJzZXNzaW9uIjoiNWQyOTk0YTU1OGMwZWNjNjEwYjRmYjBlYWYzZmE2M2EiLCJpYXQiOjE3NTc5ODc0ODEsImV4cCI6MTc1ODAwOTA4MX0.9oa9Rv-URs8NthQFMF2Jfe6Si3HosiHy6JvrSKIxpDM'}}
2025-09-17 09:50:20,938 - INFO - 打开红杏 url
2025-09-17 09:50:23,372 - INFO - a1tnnbcc43
2025-09-17 09:50:57,787 - INFO - 连接网易服务器
2025-09-17 09:50:57,789 - INFO - 发送command命令
2025-09-17 09:50:58,249 - INFO - 登录邮箱服务器
2025-09-17 09:50:58,463 - INFO - 检查收件箱
2025-09-17 09:50:58,657 - INFO - 共找到 134 封邮件
2025-09-17 09:51:00,671 - INFO - 获取邮箱字节数据
2025-09-17 09:51:00,671 - INFO - 原始主题: =?utf-8?Q?=E7=B4=85=E6=9D=8F=2Eco=E9=82=AE=E7=AE=B1=E9=AA=8C?=
 =?utf-8?Q?=E8=AF=81=E7=A0=81=3A803684?=
2025-09-17 09:51:00,675 - INFO - 解码后主题: 紅杏.co邮箱验证码:803684
2025-09-17 09:51:00,676 - INFO - 验证码是:803684
2025-09-17 09:51:02,204 - INFO - {'success': True, 'data': {'token': 'a699cf7dbe7126261a40638ffce90e1f', 'is_admin': 0, 'auth_data': 'eyJ0eXAiOiJKV1QiLCJhbGciOiJIUzI1NiJ9.eyJpZCI6MTIzMDA4LCJzZXNzaW9uIjoiMzc5MjQ1MzFkYmI3YTcyNTNmNWVjM2I2N2IxYTg3NDAiLCJpYXQiOjE3NTgwNzM4NjIsImV4cCI6MTc1ODA5NTQ2Mn0.uplZKJ1eh_9FAErf1tbNlF0AatYbo4KqYf0-waIiyKA'}}
2025-09-18 09:50:22,488 - INFO - 打开红杏 url
2025-09-18 09:50:25,110 - INFO - b1fdygbb33
2025-09-18 09:50:59,351 - INFO - 连接网易服务器
2025-09-18 09:50:59,352 - INFO - 发送command命令
2025-09-18 09:50:59,864 - INFO - 登录邮箱服务器
2025-09-18 09:51:00,094 - INFO - 检查收件箱
2025-09-18 09:51:00,321 - INFO - 共找到 135 封邮件
2025-09-18 09:51:02,731 - INFO - 获取邮箱字节数据
2025-09-18 09:51:02,731 - INFO - 原始主题: =?utf-8?Q?=E7=B4=85=E6=9D=8F=2Eco=E9=82=AE=E7=AE=B1=E9=AA=8C?=
 =?utf-8?Q?=E8=AF=81=E7=A0=81=3A849685?=
2025-09-18 09:51:02,733 - INFO - 解码后主题: 紅杏.co邮箱验证码:849685
2025-09-18 09:51:02,733 - INFO - 验证码是:849685
2025-09-18 09:51:04,641 - INFO - {'success': True, 'data': {'token': 'dbf6e8b6e709acc9e5386f5d4817b46b', 'is_admin': 0, 'auth_data': 'eyJ0eXAiOiJKV1QiLCJhbGciOiJIUzI1NiJ9.eyJpZCI6MTIzMTM3LCJzZXNzaW9uIjoiY2VmMzAxNWRlMGRiN2U0YjZjZjE0MmYzOGJjOGZlZWIiLCJpYXQiOjE3NTgxNjAyNjQsImV4cCI6MTc1ODE4MTg2NH0.YSHi8NHK7d1elzdHoyowdBK-8apYx5wF7G8e_WGo-58'}}
2025-09-19 09:54:08,652 - INFO - 打开红杏 url
2025-09-19 09:54:11,537 - INFO - a1fdgfd443
2025-09-19 09:54:44,602 - INFO - 连接网易服务器
2025-09-19 09:54:44,614 - INFO - 发送command命令
2025-09-19 09:54:45,184 - INFO - 登录邮箱服务器
2025-09-19 09:54:45,421 - INFO - 检查收件箱
2025-09-19 09:54:45,677 - INFO - 共找到 123 封邮件
2025-09-19 09:54:48,180 - INFO - 获取邮箱字节数据
2025-09-19 09:54:48,180 - INFO - 原始主题: =?utf-8?Q?=E7=B4=85=E6=9D=8F=2Eco=E9=82=AE=E7=AE=B1=E9=AA=8C?=
 =?utf-8?Q?=E8=AF=81=E7=A0=81=3A940737?=
2025-09-19 09:54:48,185 - INFO - 解码后主题: 紅杏.co邮箱验证码:940737
2025-09-19 09:54:48,186 - INFO - 验证码是:940737
2025-09-19 09:54:49,880 - INFO - {'success': True, 'data': {'token': '5ce4dd6def7a8fc89c257a7face3ea20', 'is_admin': 0, 'auth_data': 'eyJ0eXAiOiJKV1QiLCJhbGciOiJIUzI1NiJ9.eyJpZCI6MTIzMjAwLCJzZXNzaW9uIjoiNmIyYzM3YjMzMTkwZDlkOGE0NGVjMGNmMGMwMjFmN2QiLCJpYXQiOjE3NTgyNDY4OTAsImV4cCI6MTc1ODI2ODQ5MH0.mcpTy74h1yAg6RWY2ZkpgDpvVLjNQ5vdJEGGjmhhHTo'}}
2025-09-20 09:48:43,185 - INFO - 打开红杏 url
2025-09-20 09:48:45,744 - INFO - b1gfhtryh44
2025-09-20 09:49:20,366 - INFO - 连接网易服务器
2025-09-20 09:49:20,368 - INFO - 发送command命令
2025-09-20 09:49:20,855 - INFO - 登录邮箱服务器
2025-09-20 09:49:21,052 - INFO - 检查收件箱
2025-09-20 09:49:21,246 - INFO - 共找到 118 封邮件
2025-09-20 09:49:23,302 - INFO - 获取邮箱字节数据
2025-09-20 09:49:23,302 - INFO - 原始主题: =?utf-8?Q?=E7=B4=85=E6=9D=8F=2Eco=E9=82=AE=E7=AE=B1=E9=AA=8C?=
 =?utf-8?Q?=E8=AF=81=E7=A0=81=3A132756?=
2025-09-20 09:49:23,307 - INFO - 解码后主题: 紅杏.co邮箱验证码:132756
2025-09-20 09:49:23,308 - INFO - 验证码是:132756
2025-09-20 09:49:25,118 - INFO - {'success': True, 'data': {'token': '8c25a89129f0dded82299e4fac299309', 'is_admin': 0, 'auth_data': 'eyJ0eXAiOiJKV1QiLCJhbGciOiJIUzI1NiJ9.eyJpZCI6MTIzMjgyLCJzZXNzaW9uIjoiNzJiZjI0ZDk3MmM0YWFjMGYyMDViNTk2NzVlMjcyM2EiLCJpYXQiOjE3NTgzMzI5NjQsImV4cCI6MTc1ODM1NDU2NH0.OVGeFluxU_iZaKqkE43Fi8JMTpd-zDDplyfCA6HDKuI'}}
2025-09-21 10:01:26,417 - INFO - 打开红杏 url
2025-09-21 10:01:28,960 - INFO - a1dfset33v
2025-09-21 10:02:03,090 - INFO - 连接网易服务器
2025-09-21 10:02:03,091 - INFO - 发送command命令
2025-09-21 10:02:03,578 - INFO - 登录邮箱服务器
2025-09-21 10:02:03,772 - INFO - 检查收件箱
2025-09-21 10:02:03,964 - INFO - 共找到 120 封邮件
2025-09-21 10:02:06,719 - INFO - 获取邮箱字节数据
2025-09-21 10:02:06,720 - INFO - 原始主题: =?utf-8?Q?=E7=B4=85=E6=9D=8F=2Eco=E9=82=AE=E7=AE=B1=E9=AA=8C?=
 =?utf-8?Q?=E8=AF=81=E7=A0=81=3A714823?=
2025-09-21 10:02:06,722 - INFO - 解码后主题: 紅杏.co邮箱验证码:714823
2025-09-21 10:02:06,722 - INFO - 验证码是:714823
2025-09-21 10:02:08,516 - INFO - {'success': True, 'data': {'token': 'a814c0f612ccd052571f3267dd217e59', 'is_admin': 0, 'auth_data': 'eyJ0eXAiOiJKV1QiLCJhbGciOiJIUzI1NiJ9.eyJpZCI6MTIzMzkyLCJzZXNzaW9uIjoiZjVkYzNlN2UzMzVmYjgwNTFlOWY1MmJmMzJkNDkyMmIiLCJpYXQiOjE3NTg0MjAxMjgsImV4cCI6MTc1ODQ0MTcyOH0.aoc0TWMia5eFJCMXYF2Sx_tIYXTacQ3s_MRoFX6weFs'}}
