2026-05-31 15:22:00,044 - INFO - 打开coco url
2026-05-31 15:22:12,219 - INFO - j1uiuymm7
2026-05-31 15:22:12,220 - INFO - 输入邮箱
2026-05-31 15:22:12,777 - INFO - 发送邮件
2026-05-31 15:31:49,370 - INFO - 打开coco url
2026-05-31 15:32:01,662 - INFO - j1uiuymm7@outlook.com
2026-05-31 15:32:01,662 - INFO - 输入邮箱
2026-05-31 15:32:02,250 - INFO - 发送邮件
2026-05-31 15:32:07,769 - INFO - 点击好
2026-05-31 15:32:08,393 - INFO - 输入账号密码
2026-05-31 15:32:08,396 - INFO - 点击我同意
2026-05-31 15:32:14,516 - INFO - 等待邮箱中，第0S
2026-05-31 15:32:15,581 - INFO - 等待邮箱中，第1S
2026-05-31 15:32:16,715 - INFO - 等待邮箱中，第2S
2026-05-31 15:32:17,731 - INFO - 等待邮箱中，第3S
2026-05-31 15:32:18,874 - INFO - 等待邮箱中，第4S
2026-05-31 15:32:20,018 - INFO - 等待邮箱中，第5S
2026-05-31 15:32:21,113 - INFO - 等待邮箱中，第6S
2026-05-31 15:32:22,259 - INFO - 等待邮箱中，第7S
2026-05-31 15:32:23,409 - INFO - 等待邮箱中，第8S
2026-05-31 15:32:24,560 - INFO - 等待邮箱中，第9S
2026-05-31 15:32:25,570 - INFO - 等待邮箱中，第10S
2026-05-31 15:32:26,590 - INFO - 等待邮箱中，第11S
2026-05-31 15:32:27,625 - INFO - 等待邮箱中，第12S
2026-05-31 15:32:28,699 - INFO - 等待邮箱中，第13S
2026-05-31 15:32:29,802 - INFO - 等待邮箱中，第14S
2026-05-31 15:32:30,942 - INFO - 等待邮箱中，第15S
2026-05-31 15:32:32,082 - INFO - 等待邮箱中，第16S
2026-05-31 15:32:33,167 - INFO - 等待邮箱中，第17S
2026-05-31 15:32:34,217 - INFO - 等待邮箱中，第18S
2026-05-31 15:32:35,245 - INFO - 等待邮箱中，第19S
2026-05-31 15:32:36,286 - INFO - 等待邮箱中，第20S
2026-05-31 15:32:37,298 - INFO - 等待邮箱中，第21S
2026-05-31 15:32:38,409 - INFO - 等待邮箱中，第22S
2026-05-31 15:32:39,504 - INFO - 等待邮箱中，第23S
2026-05-31 15:32:40,631 - INFO - 等待邮箱中，第24S
2026-05-31 15:32:41,770 - INFO - 等待邮箱中，第25S
2026-05-31 15:32:42,829 - INFO - 等待邮箱中，第26S
2026-05-31 15:32:43,917 - INFO - 等待邮箱中，第27S
2026-05-31 15:32:44,933 - INFO - 等待邮箱中，第28S
2026-05-31 15:32:45,965 - INFO - 等待邮箱中，第29S
2026-05-31 15:32:46,978 - INFO - 连接网易服务器
2026-05-31 15:32:46,978 - INFO - 发送command命令
2026-05-31 15:32:47,419 - INFO - 登录邮箱服务器
2026-05-31 15:32:47,603 - INFO - 检查收件箱
2026-05-31 15:32:47,787 - INFO - 共找到 140 封邮件
2026-05-31 15:32:49,078 - INFO - 获取邮箱字节数据
2026-05-31 15:32:49,078 - INFO - 原始主题: =?UTF-8?Q?COCODUCK-_=E9=AA=8C=E8=AF=81=E9=82=AE=E4=BB=B6?=
2026-05-31 15:32:49,080 - INFO - 解码后主题: COCODUCK- 验证邮件
2026-05-31 15:32:49,082 - INFO - 纯文本正文:
邮箱验证 你请求的邮箱验证代码为: a40a25 本验证代码在 2026-05-31 16:32:03 前有效。 如果此验证码非你本人所请求，请直接忽视。 COCODUCK | 修改邮件接收设置
2026-05-31 15:32:49,083 - INFO - 提取验证码: a40a25
2026-05-31 15:32:49,096 - INFO - 输入验证码
2026-05-31 15:32:50,267 - INFO - 新的数字已写入: 91
2026-05-31 15:32:52,693 - INFO - 注册
2026-05-31 15:32:55,289 - INFO - 关闭广告弹窗
2026-05-31 15:33:05,440 - INFO - 找到订阅链接: https://sub.cocoduck.cc/sub/e1518dc7f708af07/clash
2026-06-01 13:32:06,573 - INFO - 打开coco url
2026-06-01 13:32:19,233 - INFO - i1nmhgnn5@outlook.com
2026-06-01 13:32:19,239 - INFO - 输入邮箱
2026-06-01 13:32:19,715 - INFO - 发送邮件
2026-06-01 13:32:25,153 - INFO - 点击好
2026-06-01 13:32:25,169 - INFO - 输入账号密码
2026-06-01 13:32:25,172 - INFO - 点击我同意
2026-06-01 13:32:31,351 - INFO - 等待邮箱中，第0S
2026-06-01 13:32:32,357 - INFO - 等待邮箱中，第1S
2026-06-01 13:32:33,423 - INFO - 等待邮箱中，第2S
2026-06-01 13:32:34,499 - INFO - 等待邮箱中，第3S
2026-06-01 13:32:35,565 - INFO - 等待邮箱中，第4S
2026-06-01 13:32:36,641 - INFO - 等待邮箱中，第5S
2026-06-01 13:32:37,721 - INFO - 等待邮箱中，第6S
2026-06-01 13:32:38,764 - INFO - 等待邮箱中，第7S
2026-06-01 13:32:39,839 - INFO - 等待邮箱中，第8S
2026-06-01 13:32:40,905 - INFO - 等待邮箱中，第9S
2026-06-01 13:32:41,913 - INFO - 等待邮箱中，第10S
2026-06-01 13:32:42,926 - INFO - 等待邮箱中，第11S
2026-06-01 13:32:43,964 - INFO - 等待邮箱中，第12S
2026-06-01 13:32:45,013 - INFO - 等待邮箱中，第13S
2026-06-01 13:32:46,022 - INFO - 等待邮箱中，第14S
2026-06-01 13:32:47,096 - INFO - 等待邮箱中，第15S
2026-06-01 13:32:48,101 - INFO - 等待邮箱中，第16S
2026-06-01 13:32:49,175 - INFO - 等待邮箱中，第17S
2026-06-01 13:32:50,249 - INFO - 等待邮箱中，第18S
2026-06-01 13:32:51,327 - INFO - 等待邮箱中，第19S
2026-06-01 13:32:52,340 - INFO - 等待邮箱中，第20S
2026-06-01 13:32:53,397 - INFO - 等待邮箱中，第21S
2026-06-01 13:32:54,407 - INFO - 等待邮箱中，第22S
2026-06-01 13:32:55,448 - INFO - 等待邮箱中，第23S
2026-06-01 13:32:56,450 - INFO - 等待邮箱中，第24S
2026-06-01 13:32:57,453 - INFO - 等待邮箱中，第25S
2026-06-01 13:32:58,457 - INFO - 等待邮箱中，第26S
2026-06-01 13:32:59,522 - INFO - 等待邮箱中，第27S
2026-06-01 13:33:00,592 - INFO - 等待邮箱中，第28S
2026-06-01 13:33:01,657 - INFO - 等待邮箱中，第29S
2026-06-01 13:33:02,956 - INFO - 连接网易服务器
2026-06-01 13:33:02,956 - INFO - 发送command命令
2026-06-01 13:33:03,492 - INFO - 登录邮箱服务器
2026-06-01 13:33:03,756 - INFO - 检查收件箱
2026-06-01 13:33:03,986 - INFO - 共找到 150 封邮件
2026-06-01 13:33:05,506 - INFO - 获取邮箱字节数据
2026-06-01 13:33:05,506 - INFO - 原始主题: =?UTF-8?Q?COCODUCK-_=E9=AA=8C=E8=AF=81=E9=82=AE=E4=BB=B6?=
2026-06-01 13:33:05,536 - INFO - 解码后主题: COCODUCK- 验证邮件
2026-06-01 13:33:05,551 - INFO - 纯文本正文:
邮箱验证 你请求的邮箱验证代码为: f16ee3 本验证代码在 2026-06-01 14:32:20 前有效。 如果此验证码非你本人所请求，请直接忽视。 COCODUCK | 修改邮件接收设置
2026-06-01 13:33:05,552 - INFO - 提取验证码: f16ee3
2026-06-01 13:33:05,566 - INFO - 输入验证码
2026-06-01 13:33:06,921 - INFO - 新的数字已写入: 92
2026-06-01 13:33:09,807 - INFO - 注册
2026-06-01 13:33:12,538 - INFO - 关闭广告弹窗
2026-06-01 13:33:22,612 - INFO - 找到订阅链接: https://sub.cocoduck.cc/sub/baf68917ae15f375/clash
