2025-08-30 22:06:57,195 - INFO - 打开yylx url
2025-08-30 22:06:59,748 - INFO - a1dfgsrt44
2025-08-30 22:08:08,108 - INFO - 连接网易服务器
2025-08-30 22:08:08,109 - INFO - 发送command命令
2025-08-30 22:08:08,606 - INFO - 登录邮箱服务器
2025-08-30 22:08:09,318 - INFO - 检查收件箱
2025-08-30 22:08:09,515 - INFO - 共找到 191 封邮件
2025-08-30 22:08:11,526 - INFO - 获取邮箱字节数据
2025-08-30 22:08:11,526 - INFO - 原始主题: =?utf-8?b?6YGl6YGl6aKG5YWI6YKu566x6aqM6K+B56CB?=
2025-08-30 22:08:11,528 - INFO - 解码后主题: 遥遥领先邮箱验证码
2025-08-30 22:08:11,528 - INFO - 纯文本正文:
<div style="background: #eee">
    <table width="600" border="0" align="center" cellpadding="0" cellspacing="0">
        <tbody>
        <tr>
            <td>
                <div style="background:#fff">
                    <table width="100%" border="0" cellspacing="0" cellpadding="0">
                        <thead>
                        <tr>
                            <td valign="middle" style="padding-left:30px;background-color:#415A94;color:#fff;padding:20px 40px;font-size: 21px;">遥遥领先</td>
                        </tr>
                        </thead>
                        <tbody>
                        <tr style="padding:40px 40px 0 40px;display:table-cell">
                            <td style="font-size:24px;line-height:1.5;color:#000;margin-top:40px">邮箱验证码</td>
                        </tr>
                        <tr>
                            <td style="font-size:14px;color:#333;padding:24px 40px 0 40px">
                                尊敬的用户您好！
                                <br />
                                <br />
                                您的验证码是：669734，请在 5 分钟内进行验证。如果该验证码不为您本人申请，请无视。
                            </td>
                        </tr>
                        <tr style="padding:40px;display:table-cell">
                        </tr>
                        </tbody>
                    </table>
                </div>
                <div>
                    <table width="100%" border="0" cellspacing="0" cellpadding="0">
                        <tbody>
                        <tr>
                            <td style="padding:20px 40px;font-size:12px;color:#999;line-height:20px;background:#f7f7f7"><a href="https://yylx6.yylxjichang.link" style="font-size:14px;color:#929292">返回遥遥领先</a></td>
                        </tr>
                        </tbody>
                    </table>
                </div></td>
        </tr>
        </tbody>
    </table>
</div>


2025-08-30 22:08:11,529 - INFO - 提取验证码: 669734
2025-08-30 22:08:14,624 - INFO - {'data': {'token': 'dec54e9e5c5b016fc4aa6f3de7d0c449', 'is_admin': None, 'auth_data': 'eyJ0eXAiOiJKV1QiLCJhbGciOiJIUzI1NiJ9.eyJpZCI6MzU4NCwic2Vzc2lvbiI6IjY2ZWNjYjJiMDMyNDA2ZDAxMzBmOGUxMWIyYmViMTFmIn0.SSNIA9Al5vRevIIIIsGFdiUeSgYCzX4wYGkxbGy0w-8'}}
