2026-06-02 13:45:30,610 - INFO - 打开xd url
2026-06-02 13:45:32,776 - INFO - <ChromiumElement div class='v-field__field' data-no-activator=''>
2026-06-02 13:56:02,249 - INFO - 打开xd url
2026-06-02 13:56:04,451 - INFO - <ChromiumElement span class='v-select__selection-text'>
2026-06-02 14:05:03,116 - INFO - 打开网页：https://sulianproxy.com/register
2026-06-02 14:05:15,368 - ERROR - 自动化执行流程中发生异常: 
No element found.
Method: ele()
Arguments: {'locator': "xpath://input[@placeholder='输入邮箱']", 'index': 1, 'timeout': 10}
Version: 4.1.1.4
2026-06-02 14:05:16,839 - INFO - 浏览器已关闭，主程序退出。
2026-06-02 14:09:26,764 - INFO - 打开网页：https://sulianproxy.com/register
2026-06-02 14:09:39,086 - ERROR - 自动化执行流程中发生异常: 
No element found.
Method: ele()
Arguments: {'locator': 'css=#input-11', 'index': 1, 'timeout': 10}
Version: 4.1.1.4
2026-06-02 14:09:40,357 - INFO - 浏览器已关闭，主程序退出。
2026-06-02 15:26:07,829 - INFO - [OK] 已输入邮箱前缀
2026-06-02 15:26:10,186 - INFO - [OK] 选择 @outlook.com (OK)
2026-06-02 15:26:10,785 - INFO - [OK] 已输入密码
2026-06-02 15:35:53,741 - INFO - [OK] 已输入邮箱前缀
2026-06-02 15:35:56,328 - INFO - [OK] 选择 @outlook.com (OK)
2026-06-02 15:35:57,399 - INFO - [OK] 已输入密码
2026-06-02 15:58:02,910 - INFO - [OK] 已输入邮箱前缀
2026-06-02 15:58:06,157 - INFO - [OK] 选择 @outlook.com (OK)
2026-06-02 15:58:07,952 - INFO - [OK] 已输入密码
2026-06-02 15:58:09,706 - INFO - 等待邮箱中，第0S
2026-06-02 15:58:10,768 - INFO - 等待邮箱中，第1S
2026-06-02 15:58:11,820 - INFO - 等待邮箱中，第2S
2026-06-02 15:58:12,856 - INFO - 等待邮箱中，第3S
2026-06-02 15:58:13,914 - INFO - 等待邮箱中，第4S
2026-06-02 15:58:14,980 - INFO - 等待邮箱中，第5S
2026-06-02 15:58:16,054 - INFO - 等待邮箱中，第6S
2026-06-02 15:58:17,104 - INFO - 等待邮箱中，第7S
2026-06-02 15:58:18,178 - INFO - 等待邮箱中，第8S
2026-06-02 15:58:19,187 - INFO - 等待邮箱中，第9S
2026-06-02 15:58:20,200 - INFO - 等待邮箱中，第10S
2026-06-02 15:58:21,283 - INFO - 等待邮箱中，第11S
2026-06-02 15:58:22,294 - INFO - 等待邮箱中，第12S
2026-06-02 15:58:23,302 - INFO - 等待邮箱中，第13S
2026-06-02 15:58:24,342 - INFO - 等待邮箱中，第14S
2026-06-02 15:58:25,389 - INFO - 等待邮箱中，第15S
2026-06-02 15:58:26,442 - INFO - 等待邮箱中，第16S
2026-06-02 15:58:27,455 - INFO - 等待邮箱中，第17S
2026-06-02 15:58:28,521 - INFO - 等待邮箱中，第18S
2026-06-02 15:58:29,593 - INFO - 等待邮箱中，第19S
2026-06-02 15:58:30,658 - INFO - 等待邮箱中，第20S
2026-06-02 15:58:31,731 - INFO - 等待邮箱中，第21S
2026-06-02 15:58:32,807 - INFO - 等待邮箱中，第22S
2026-06-02 15:58:33,845 - INFO - 等待邮箱中，第23S
2026-06-02 15:58:34,911 - INFO - 等待邮箱中，第24S
2026-06-02 15:58:35,914 - INFO - 等待邮箱中，第25S
2026-06-02 15:58:36,946 - INFO - 等待邮箱中，第26S
2026-06-02 15:58:37,994 - INFO - 等待邮箱中，第27S
2026-06-02 15:58:39,052 - INFO - 等待邮箱中，第28S
2026-06-02 15:58:40,053 - INFO - 等待邮箱中，第29S
2026-06-02 15:58:42,541 - INFO - 连接网易服务器
2026-06-02 15:58:42,541 - INFO - 发送command命令
2026-06-02 15:58:43,061 - INFO - 登录邮箱服务器
2026-06-02 15:58:43,317 - INFO - 检查收件箱
2026-06-02 15:58:43,538 - INFO - 共找到 166 封邮件
2026-06-02 15:58:44,922 - INFO - 获取邮箱字节数据
2026-06-02 15:58:44,922 - INFO - 原始主题: =?utf-8?Q?=E8=AE=AF=E8=BE=BE=E9=82=AE=E7=AE=B1?=
 =?utf-8?Q?=E9=AA=8C=E8=AF=81=E7=A0=81?=
2026-06-02 15:58:44,925 - INFO - 解码后主题: 讯达邮箱验证码
2026-06-02 15:58:44,927 - INFO - 纯文本正文:
邮箱验证码 讯达 邮箱验证码 请使用以下验证码完成验证，有效期 5 分钟。如非本人操作，请忽略此邮件。 699679 如果您没有请求此验证码，无需进行任何操作。 https://slproxy.com 此邮件由系统自动发送，请勿直接回复。
2026-06-02 15:58:44,927 - INFO - 提取验证码: 699679
2026-06-02 15:58:44,951 - INFO - 输入验证码
