
2025-07-10 19:25:34,565 - INFO - 打开红杏 url
2025-07-10 19:25:36,292 - INFO - b1ytiyu7777
2025-07-10 19:25:36,975 - INFO - <ChromiumElement span id='«r1a»' class='relative text-foreground select-none text-small transition-colors-opacity before:transition-width motion-reduce:transition-none'>
2025-07-10 19:25:59,134 - INFO - 连接网易服务器
2025-07-10 19:25:59,135 - INFO - 发送command命令
2025-07-10 19:26:00,040 - INFO - 登录邮箱服务器
2025-07-10 19:26:00,221 - INFO - 检查收件箱
2025-07-10 19:26:00,859 - INFO - 共找到 207 封邮件
2025-07-10 19:26:02,693 - INFO - 获取邮箱字节数据
2025-07-10 19:26:02,695 - INFO - 原始主题: =?utf-8?Q?=E7=B4=85=E8=91=89=E9=82=AE=E7=AE=B1?=
 =?utf-8?Q?=E9=AA=8C=E8=AF=81=E7=A0=81=3A743881?=
2025-07-10 19:26:02,709 - INFO - 解码后主题: 紅葉邮箱验证码:743881
2025-07-10 19:26:02,709 - INFO - 验证码是:743881
2025-07-10 19:26:03,802 - INFO - {'success': True, 'data': {'token': '5d33495899b6c17be25baff506605cfc', 'is_admin': 0, 'auth_data': 'eyJ0eXAiOiJKV1QiLCJhbGciOiJIUzI1NiJ9.eyJpZCI6MzE1MjIsInNlc3Npb24iOiJmZjEyNGI1YTQyYjllOTJlOGFhNzQwZmJkNGM5ZDY2ZCJ9.N09ZRohMYt695LOYOF53ff5n73a9gxAW6YOJ_0IOxjo'}}
2025-07-10 19:29:30,490 - INFO - 打开红杏 url
2025-07-10 19:29:32,550 - INFO - a1tryrrt6666
2025-07-10 19:29:33,121 - INFO - <ChromiumElement span id='«r1a»' class='relative text-foreground select-none text-small transition-colors-opacity before:transition-width motion-reduce:transition-none'>
2025-07-10 19:29:56,765 - INFO - 连接网易服务器
2025-07-10 19:29:56,766 - INFO - 发送command命令
2025-07-10 19:29:57,337 - INFO - 登录邮箱服务器
2025-07-10 19:29:57,575 - INFO - 检查收件箱
2025-07-10 19:29:57,819 - INFO - 共找到 208 封邮件
2025-07-10 19:30:00,196 - INFO - 获取邮箱字节数据
2025-07-10 19:30:00,197 - INFO - 原始主题: =?utf-8?Q?=E7=B4=85=E8=91=89=E9=82=AE=E7=AE=B1?=
 =?utf-8?Q?=E9=AA=8C=E8=AF=81=E7=A0=81=3A538255?=
2025-07-10 19:30:00,198 - INFO - 解码后主题: 紅葉邮箱验证码:538255
2025-07-10 19:30:00,199 - INFO - 验证码是:538255
2025-07-10 19:30:01,410 - INFO - {'success': True, 'data': {'token': '7fd2e1770733a99535ae75b0556a3e8c', 'is_admin': 0, 'auth_data': 'eyJ0eXAiOiJKV1QiLCJhbGciOiJIUzI1NiJ9.eyJpZCI6MzE1MjMsInNlc3Npb24iOiIyNDZkMTFkYmI4YmI2NjM5MzM0MmFjNTdkNmFlNjY3YSJ9.itpqyWio2zfF4pcXjpuX5S-SkuVHNZLhNzsB48C1DwU'}}
2025-07-10 19:50:03,192 - INFO - 打开红杏 url
2025-07-10 19:50:05,143 - INFO - b1uiiiipoi
2025-07-10 19:50:05,776 - INFO - <ChromiumElement span id='«r1a»' class='relative text-foreground select-none text-small transition-colors-opacity before:transition-width motion-reduce:transition-none'>
2025-07-10 19:50:29,562 - INFO - 连接网易服务器
2025-07-10 19:50:29,562 - INFO - 发送command命令
2025-07-10 19:50:30,752 - INFO - 登录邮箱服务器
2025-07-10 19:50:30,994 - INFO - 检查收件箱
2025-07-10 19:50:31,235 - INFO - 共找到 209 封邮件
2025-07-10 19:50:33,653 - INFO - 获取邮箱字节数据
2025-07-10 19:50:33,653 - INFO - 原始主题: =?utf-8?Q?=E7=B4=85=E8=91=89=E9=82=AE=E7=AE=B1?=
 =?utf-8?Q?=E9=AA=8C=E8=AF=81=E7=A0=81=3A452090?=
2025-07-10 19:50:33,655 - INFO - 解码后主题: 紅葉邮箱验证码:452090
2025-07-10 19:50:33,655 - INFO - 验证码是:452090
2025-07-10 19:50:34,655 - INFO - {'success': True, 'data': {'token': '72a935ec664dff3a05f8be12f8c0062d', 'is_admin': 0, 'auth_data': 'eyJ0eXAiOiJKV1QiLCJhbGciOiJIUzI1NiJ9.eyJpZCI6MzE1MjgsInNlc3Npb24iOiI2OTM2N2UzNWQ4ZmE4YTBiZDAzOThmZmI0ZmQ4MDAyMSJ9.ZRiyP_QmXIVkwDRvagK3DNUZGSdXYSi69p5OqoDQipY'}}
2025-07-13 23:14:46,741 - INFO - 打开红杏 url
2025-07-13 23:14:48,915 - INFO - a1fdgdfg44
2025-07-13 23:14:49,685 - INFO - <ChromiumElement span id='«r1a»' class='relative text-foreground select-none text-small transition-colors-opacity before:transition-width motion-reduce:transition-none'>
2025-07-13 23:15:23,884 - INFO - 连接网易服务器
2025-07-13 23:15:23,887 - INFO - 发送command命令
2025-07-13 23:15:24,454 - INFO - 登录邮箱服务器
2025-07-13 23:15:24,695 - INFO - 检查收件箱
2025-07-13 23:15:24,936 - INFO - 共找到 244 封邮件
2025-07-13 23:15:27,425 - INFO - 获取邮箱字节数据
2025-07-13 23:15:27,425 - INFO - 原始主题: =?utf-8?Q?=E7=B4=85=E8=91=89=E9=82=AE=E7=AE=B1?=
 =?utf-8?Q?=E9=AA=8C=E8=AF=81=E7=A0=81=3A415880?=
2025-07-13 23:15:27,435 - INFO - 解码后主题: 紅葉邮箱验证码:415880
2025-07-13 23:15:27,435 - INFO - 验证码是:415880
2025-07-13 23:15:29,262 - INFO - {'success': True, 'data': {'token': '971f51b0e168f1f045af9c67d89410ee', 'is_admin': 0, 'auth_data': 'eyJ0eXAiOiJKV1QiLCJhbGciOiJIUzI1NiJ9.eyJpZCI6MzIzNjksInNlc3Npb24iOiJjYzFhZWViMzg1YjM1YmMzODM1YWVhMTYxZGIxNDc2MiJ9.IGH4otGxrbYv-WniJ1c5iVlbfLCE3EkcQLjq7eBJ4uo'}}
2025-07-15 14:29:40,330 - INFO - 打开红杏 url
2025-07-15 14:29:42,069 - INFO - b1uiiojhkkk
2025-07-15 14:29:42,923 - INFO - <ChromiumElement span id='«r1a»' class='relative text-foreground select-none text-small transition-colors-opacity before:transition-width motion-reduce:transition-none'>
2025-07-15 14:30:16,562 - INFO - 连接网易服务器
2025-07-15 14:30:16,563 - INFO - 发送command命令
2025-07-15 14:30:17,538 - INFO - 登录邮箱服务器
2025-07-15 14:30:18,253 - INFO - 检查收件箱
2025-07-15 14:30:18,497 - INFO - 共找到 209 封邮件
2025-07-15 14:30:20,614 - INFO - 获取邮箱字节数据
2025-07-15 14:30:20,614 - INFO - 原始主题: =?utf-8?Q?=E7=B4=85=E6=9D=8F=2Eco=E9=82=AE=E7=AE=B1=E9=AA=8C?=
 =?utf-8?Q?=E8=AF=81=E7=A0=81=3A301098?=
2025-07-15 14:30:20,619 - INFO - 解码后主题: 紅杏.co邮箱验证码:301098
2025-07-15 14:30:20,619 - INFO - 验证码是:301098
2025-07-15 14:30:22,062 - INFO - {'success': False, 'data': '邮箱验证码有误'}
2025-07-15 14:47:51,899 - INFO - 打开红杏 url
2025-07-15 14:47:56,942 - INFO - a1bbdfdddd33
2025-07-15 14:47:57,768 - INFO - <ChromiumElement span id='«r1d»' class='relative text-foreground select-none text-small transition-colors-opacity before:transition-width motion-reduce:transition-none'>
2025-07-15 14:48:30,639 - INFO - 连接网易服务器
2025-07-15 14:48:30,640 - INFO - 发送command命令
2025-07-15 14:48:31,106 - INFO - 登录邮箱服务器
2025-07-15 14:48:31,284 - INFO - 检查收件箱
2025-07-15 14:48:31,461 - INFO - 共找到 209 封邮件
2025-07-15 14:48:33,235 - INFO - 获取邮箱字节数据
2025-07-15 14:48:33,236 - INFO - 原始主题: =?utf-8?Q?=E7=B4=85=E6=9D=8F=2Eco=E9=82=AE=E7=AE=B1=E9=AA=8C?=
 =?utf-8?Q?=E8=AF=81=E7=A0=81=3A301098?=
2025-07-15 14:48:33,237 - INFO - 解码后主题: 紅杏.co邮箱验证码:301098
2025-07-15 14:48:33,237 - INFO - 验证码是:301098
2025-07-15 14:48:34,031 - INFO - {'success': False, 'data': '邮箱验证码有误'}
2025-07-15 18:26:53,142 - INFO - 打开红杏 url
2025-07-15 18:26:54,399 - INFO - b1rteytruyff33
2025-07-15 18:26:55,189 - INFO - <ChromiumElement span id='«r1a»' class='relative text-foreground select-none text-small transition-colors-opacity before:transition-width motion-reduce:transition-none'>
2025-07-15 18:27:28,933 - INFO - 连接网易服务器
2025-07-15 18:27:28,935 - INFO - 发送command命令
2025-07-15 18:27:29,354 - INFO - 登录邮箱服务器
2025-07-15 18:27:29,542 - INFO - 检查收件箱
2025-07-15 18:27:29,717 - INFO - 共找到 218 封邮件
2025-07-15 18:27:31,480 - INFO - 获取邮箱字节数据
2025-07-15 18:27:31,480 - INFO - 原始主题: =?utf-8?Q?=E7=B4=85=E8=91=89=E9=82=AE=E7=AE=B1?=
 =?utf-8?Q?=E9=AA=8C=E8=AF=81=E7=A0=81=3A156949?=
2025-07-15 18:27:31,483 - INFO - 解码后主题: 紅葉邮箱验证码:156949
2025-07-15 18:27:31,483 - INFO - 验证码是:156949
2025-07-15 18:27:32,966 - INFO - {'success': True, 'data': {'token': '45c6424bdd1d72e20ef24a8e55b3e5c0', 'is_admin': 0, 'auth_data': 'eyJ0eXAiOiJKV1QiLCJhbGciOiJIUzI1NiJ9.eyJpZCI6MzI3NTgsInNlc3Npb24iOiIxMDcyZDAxZDljNDdkNTQ3NzMxY2Y0ODdmMzI0MDU2MCJ9.CN0o0qW2yBpKrojxmA3oFvv3hF5hHOu9c-xDfa228ks'}}
2025-07-15 19:07:05,576 - INFO - 打开红杏 url
2025-07-15 19:07:07,120 - INFO - a1ryertyree44
2025-07-15 19:07:07,725 - INFO - <ChromiumElement span id='«r1a»' class='relative text-foreground select-none text-small transition-colors-opacity before:transition-width motion-reduce:transition-none'>
2025-07-15 19:07:40,478 - INFO - 连接网易服务器
2025-07-15 19:07:40,478 - INFO - 发送command命令
2025-07-15 19:07:40,902 - INFO - 登录邮箱服务器
2025-07-15 19:07:41,082 - INFO - 检查收件箱
2025-07-15 19:07:41,257 - INFO - 共找到 219 封邮件
2025-07-15 19:07:43,027 - INFO - 获取邮箱字节数据
2025-07-15 19:07:43,027 - INFO - 原始主题: =?utf-8?Q?=E7=B4=85=E8=91=89=E9=82=AE=E7=AE=B1?=
 =?utf-8?Q?=E9=AA=8C=E8=AF=81=E7=A0=81=3A949006?=
2025-07-15 19:07:43,028 - INFO - 解码后主题: 紅葉邮箱验证码:949006
2025-07-15 19:07:43,029 - INFO - 验证码是:949006
2025-07-15 19:07:44,198 - INFO - <html>
<head><title>502 Bad Gateway</title></head>
<body>
<center><h1>502 Bad Gateway</h1></center>
<hr><center>nginx</center>
</body>
</html>

2025-07-16 08:43:10,648 - INFO - 打开红杏 url
2025-07-16 08:43:12,304 - INFO - b1tyutyufgfg
2025-07-16 08:43:12,968 - INFO - <ChromiumElement span id='«r1a»' class='relative text-foreground select-none text-small transition-colors-opacity before:transition-width motion-reduce:transition-none'>
2025-07-16 08:43:45,959 - INFO - 连接网易服务器
2025-07-16 08:43:45,968 - INFO - 发送command命令
2025-07-16 08:43:46,409 - INFO - 登录邮箱服务器
2025-07-16 08:43:46,586 - INFO - 检查收件箱
2025-07-16 08:43:46,765 - INFO - 共找到 210 封邮件
2025-07-16 08:43:48,585 - INFO - 获取邮箱字节数据
2025-07-16 08:43:48,585 - INFO - 原始主题: =?utf-8?Q?=E7=B4=85=E8=91=89=E9=82=AE=E7=AE=B1?=
 =?utf-8?Q?=E9=AA=8C=E8=AF=81=E7=A0=81=3A763557?=
2025-07-16 08:43:48,610 - INFO - 解码后主题: 紅葉邮箱验证码:763557
2025-07-16 08:43:48,610 - INFO - 验证码是:763557
2025-07-16 08:43:51,636 - INFO - {'success': True, 'data': {'token': '36865beb393008bbfa7c26e084e3fb79', 'is_admin': 0, 'auth_data': 'eyJ0eXAiOiJKV1QiLCJhbGciOiJIUzI1NiJ9.eyJpZCI6MzI4NjUsInNlc3Npb24iOiJlMWJjOWEzNzZkMWFiMDBhNzQ2NjUxZmQyOTY2MWRhOCJ9.jSwxFYt6m0_dqJdv8g8gzhF502-kmB_d_AgrFmkHeV0'}}
2025-07-17 08:43:35,410 - INFO - 打开红杏 url
2025-07-17 08:43:37,377 - INFO - c1rtrkk444
2025-07-17 08:43:38,201 - INFO - <ChromiumElement span id='«r1a»' class='relative text-foreground select-none text-small transition-colors-opacity before:transition-width motion-reduce:transition-none'>
2025-07-17 08:44:11,352 - INFO - 连接网易服务器
2025-07-17 08:44:11,352 - INFO - 发送command命令
2025-07-17 08:44:11,886 - INFO - 登录邮箱服务器
2025-07-17 08:44:12,137 - INFO - 检查收件箱
2025-07-17 08:44:12,368 - INFO - 共找到 209 封邮件
2025-07-17 08:44:14,754 - INFO - 获取邮箱字节数据
2025-07-17 08:44:14,754 - INFO - 原始主题: =?utf-8?Q?=E7=B4=85=E8=91=89=E9=82=AE=E7=AE=B1?=
 =?utf-8?Q?=E9=AA=8C=E8=AF=81=E7=A0=81=3A724897?=
2025-07-17 08:44:14,755 - INFO - 解码后主题: 紅葉邮箱验证码:724897
2025-07-17 08:44:14,755 - INFO - 验证码是:724897
2025-07-17 08:44:16,332 - INFO - {'success': True, 'data': {'token': 'e43d7abe647b65c5a5706f5b3a1cf440', 'is_admin': 0, 'auth_data': 'eyJ0eXAiOiJKV1QiLCJhbGciOiJIUzI1NiJ9.eyJpZCI6MzI5OTgsInNlc3Npb24iOiJlNjBlY2VkYmFkOWYwZGEzZjZiODc4YTU1OTQzYTljZiJ9.DYvYzdVOJQ_SCFdH2PM6l2NKTOhq7YpyjYWJYACg9ZY'}}
2025-07-18 08:42:55,164 - INFO - 打开红杏 url
2025-07-18 08:42:56,680 - INFO - d1mainddd22
2025-07-18 08:42:57,550 - INFO - <ChromiumElement span id='«r1a»' class='relative text-foreground select-none text-small transition-colors-opacity before:transition-width motion-reduce:transition-none'>
2025-07-18 08:43:31,180 - INFO - 连接网易服务器
2025-07-18 08:43:31,181 - INFO - 发送command命令
2025-07-18 08:43:31,589 - INFO - 登录邮箱服务器
2025-07-18 08:43:31,782 - INFO - 检查收件箱
2025-07-18 08:43:31,952 - INFO - 共找到 206 封邮件
2025-07-18 08:43:33,721 - INFO - 获取邮箱字节数据
2025-07-18 08:43:33,721 - INFO - 原始主题: =?utf-8?Q?=E7=B4=85=E8=91=89=E9=82=AE=E7=AE=B1?=
 =?utf-8?Q?=E9=AA=8C=E8=AF=81=E7=A0=81=3A669253?=
2025-07-18 08:43:33,724 - INFO - 解码后主题: 紅葉邮箱验证码:669253
2025-07-18 08:43:33,724 - INFO - 验证码是:669253
2025-07-18 08:43:35,443 - INFO - {'success': True, 'data': {'token': 'f956914fb9c1ad1fda9dfcab80e8776d', 'is_admin': 0, 'auth_data': 'eyJ0eXAiOiJKV1QiLCJhbGciOiJIUzI1NiJ9.eyJpZCI6MzMxNDMsInNlc3Npb24iOiI0ZDU5YTA1Njc4MzU3OGE5MDdkZWJhNzk5OWU1ZDg3MiJ9.0BH6e7gPtSVl427D1UwkoxWyZghyOrOXmHLuASu-Fb0'}}
2025-07-18 18:13:14,770 - INFO - 打开红杏 url
2025-07-18 18:13:16,714 - INFO - c1rftgdrtgd
2025-07-18 18:13:17,969 - INFO - <ChromiumElement span id='«r1a»' class='relative text-foreground select-none text-small transition-colors-opacity before:transition-width motion-reduce:transition-none'>
2025-07-18 18:13:52,026 - INFO - 连接网易服务器
2025-07-18 18:13:52,027 - INFO - 发送command命令
2025-07-18 18:13:52,493 - INFO - 登录邮箱服务器
2025-07-18 18:13:52,706 - INFO - 检查收件箱
2025-07-18 18:13:52,902 - INFO - 共找到 218 封邮件
2025-07-18 18:13:54,986 - INFO - 获取邮箱字节数据
2025-07-18 18:13:54,987 - INFO - 原始主题: =?utf-8?Q?=E7=B4=85=E8=91=89=E9=82=AE=E7=AE=B1?=
 =?utf-8?Q?=E9=AA=8C=E8=AF=81=E7=A0=81=3A271902?=
2025-07-18 18:13:54,990 - INFO - 解码后主题: 紅葉邮箱验证码:271902
2025-07-18 18:13:54,990 - INFO - 验证码是:271902
2025-07-18 18:13:56,765 - INFO - {'success': True, 'data': {'token': '3af508af817d05b247c3ec8def767521', 'is_admin': 0, 'auth_data': 'eyJ0eXAiOiJKV1QiLCJhbGciOiJIUzI1NiJ9.eyJpZCI6MzMyNTYsInNlc3Npb24iOiIwZDMwNGFmNmM5ZTY5OWMyZmY2YWQ4OTgyOTA4NWUwNyJ9.40KGH1Oaos4uPNQr8ttNES9QAFXoCTCg0TmDXA_lRkE'}}
2025-07-18 18:20:27,907 - INFO - 打开红杏 url
2025-07-18 18:20:29,800 - INFO - d1tghfghfg66
2025-07-18 18:20:30,449 - INFO - <ChromiumElement span id='«r1a»' class='relative text-foreground select-none text-small transition-colors-opacity before:transition-width motion-reduce:transition-none'>
2025-07-18 18:21:03,264 - INFO - 连接网易服务器
2025-07-18 18:21:03,264 - INFO - 发送command命令
2025-07-18 18:21:03,684 - INFO - 登录邮箱服务器
2025-07-18 18:21:03,859 - INFO - 检查收件箱
2025-07-18 18:21:04,033 - INFO - 共找到 219 封邮件
2025-07-18 18:21:05,783 - INFO - 获取邮箱字节数据
2025-07-18 18:21:05,784 - INFO - 原始主题: =?utf-8?Q?=E7=B4=85=E8=91=89=E9=82=AE=E7=AE=B1?=
 =?utf-8?Q?=E9=AA=8C=E8=AF=81=E7=A0=81=3A502445?=
2025-07-18 18:21:05,786 - INFO - 解码后主题: 紅葉邮箱验证码:502445
2025-07-18 18:21:05,786 - INFO - 验证码是:502445
2025-07-18 18:21:07,288 - INFO - {'success': True, 'data': {'token': '673329dddee319b76f8f5fff654298f2', 'is_admin': 0, 'auth_data': 'eyJ0eXAiOiJKV1QiLCJhbGciOiJIUzI1NiJ9.eyJpZCI6MzMyNTksInNlc3Npb24iOiJmOWY3ZTE0ZTJlNDM1MWQ2ZmEzZTViYmRlNmQ4MzllYyJ9.4CVOeZqK1tLHFb-2Ri-kny3CIWnmuVW4qwACdMu75mY'}}
2025-07-18 20:28:33,193 - INFO - 打开红杏 url
2025-07-18 20:28:35,535 - INFO - c2tianjin22
2025-07-18 20:28:36,311 - INFO - <ChromiumElement span id='«r1a»' class='relative text-foreground select-none text-small transition-colors-opacity before:transition-width motion-reduce:transition-none'>
2025-07-18 20:29:08,786 - INFO - 连接网易服务器
2025-07-18 20:29:08,787 - INFO - 发送command命令
2025-07-18 20:29:09,717 - INFO - 登录邮箱服务器
2025-07-18 20:29:09,917 - INFO - 检查收件箱
2025-07-18 20:29:10,116 - INFO - 共找到 223 封邮件
2025-07-18 20:29:12,116 - INFO - 获取邮箱字节数据
2025-07-18 20:29:12,116 - INFO - 原始主题: =?utf-8?Q?=E7=B4=85=E8=91=89=E9=82=AE=E7=AE=B1?=
 =?utf-8?Q?=E9=AA=8C=E8=AF=81=E7=A0=81=3A297829?=
2025-07-18 20:29:12,118 - INFO - 解码后主题: 紅葉邮箱验证码:297829
2025-07-18 20:29:12,119 - INFO - 验证码是:297829
2025-07-18 20:29:13,602 - INFO - {'success': False, 'data': '该邮箱已被注册'}
2025-07-18 20:31:44,885 - INFO - 打开红杏 url
2025-07-18 20:31:46,781 - INFO - d1kingq33
2025-07-18 20:31:47,460 - INFO - <ChromiumElement span id='«r1a»' class='relative text-foreground select-none text-small transition-colors-opacity before:transition-width motion-reduce:transition-none'>
2025-07-18 20:32:19,626 - INFO - 连接网易服务器
2025-07-18 20:32:19,626 - INFO - 发送command命令
2025-07-18 20:32:20,038 - INFO - 登录邮箱服务器
2025-07-18 20:32:20,211 - INFO - 检查收件箱
2025-07-18 20:32:20,388 - INFO - 共找到 224 封邮件
2025-07-18 20:32:22,125 - INFO - 获取邮箱字节数据
2025-07-18 20:32:22,126 - INFO - 原始主题: =?utf-8?Q?=E7=B4=85=E8=91=89=E9=82=AE=E7=AE=B1?=
 =?utf-8?Q?=E9=AA=8C=E8=AF=81=E7=A0=81=3A605264?=
2025-07-18 20:32:22,129 - INFO - 解码后主题: 紅葉邮箱验证码:605264
2025-07-18 20:32:22,129 - INFO - 验证码是:605264
2025-07-18 20:32:23,415 - INFO - {'success': True, 'data': {'token': '51a0fd49cc553e3b2025ae4f09db8ad1', 'is_admin': 0, 'auth_data': 'eyJ0eXAiOiJKV1QiLCJhbGciOiJIUzI1NiJ9.eyJpZCI6MzMyNzYsInNlc3Npb24iOiJiMjQ0NTYzMTkwYWI1NWU0ZTA0OTFhNDEyM2ExNTg3YyJ9.N_EApQp0Tj0T2MJYPfUbNwUyLtFn_hlGdHkr0Td69N4'}}
2025-07-18 20:32:23,415 - INFO - {'success': True, 'data': {'token': '51a0fd49cc553e3b2025ae4f09db8ad1', 'is_admin': 0, 'auth_data': 'eyJ0eXAiOiJKV1QiLCJhbGciOiJIUzI1NiJ9.eyJpZCI6MzMyNzYsInNlc3Npb24iOiJiMjQ0NTYzMTkwYWI1NWU0ZTA0OTFhNDEyM2ExNTg3YyJ9.N_EApQp0Tj0T2MJYPfUbNwUyLtFn_hlGdHkr0Td69N4'}}
2025-07-18 20:32:23,415 - INFO - {'success': True, 'data': {'token': 'eca5205bf33521213732d879e33e316b', 'is_admin': 0, 'auth_data': 'eyJ0eXAiOiJKV1QiLCJhbGciOiJIUzI1NiJ9.eyJpZCI6MzMyNzYsInNlc3Npb24iOiJiMjQ0NTYzMTkwYWI1NWU0ZTA0OTFhNDEyM2ExNTg3YyJ9.N_EApQp0Tj0T2MJYPfUbNwUyLtFn_hlGdHkr0Td69N4'}}
2025-07-18 20:32:23,415 - INFO - {'success': True, 'data': {'token': '359141e9542f5b4cbc7702e641546b49', 'is_admin': 0, 'auth_data': 'eyJ0eXAiOiJKV1QiLCJhbGciOiJIUzI1NiJ9.eyJpZCI6MzMyNzYsInNlc3Npb24iOiJiMjQ0NTYzMTkwYWI1NWU0ZTA0OTFhNDEyM2ExNTg3YyJ9.N_EApQp0Tj0T2MJYPfUbNwUyLtFn_hlGdHkr0Td69N4'}}
2025-07-18 20:32:23,415 - INFO - {'success': True, 'data': {'token': '60b7876cf8b0ee87902136bd31b94791', 'is_admin': 0, 'auth_data': 'eyJ0eXAiOiJKV1QiLCJhbGciOiJIUzI1NiJ9.eyJpZCI6MzMyNzYsInNlc3Npb24iOiJiMjQ0NTYzMTkwYWI1NWU0ZTA0OTFhNDEyM2ExNTg3YyJ9.N_EApQp0Tj0T2MJYPfUbNwUyLtFn_hlGdHkr0Td69N4'}}
2025-07-29 16:12:42,770 - INFO - 打开红杏 url
2025-07-29 16:12:44,612 - INFO - c1wto1323
2025-07-29 16:12:45,304 - INFO - <ChromiumElement span id='«r1a»' class='relative text-foreground select-none text-small transition-colors-opacity before:transition-width motion-reduce:transition-none'>
2025-07-29 16:13:17,996 - INFO - 连接网易服务器
2025-07-29 16:13:17,996 - INFO - 发送command命令
2025-07-29 16:13:18,439 - INFO - 登录邮箱服务器
2025-07-29 16:13:18,629 - INFO - 检查收件箱
2025-07-29 16:13:18,816 - INFO - 共找到 242 封邮件
2025-07-29 16:13:21,241 - INFO - 获取邮箱字节数据
2025-07-29 16:13:21,242 - INFO - 原始主题: =?utf-8?Q?=E7=B4=85=E8=91=89=E9=82=AE=E7=AE=B1?=
 =?utf-8?Q?=E9=AA=8C=E8=AF=81=E7=A0=81=3A235672?=
2025-07-29 16:13:21,244 - INFO - 解码后主题: 紅葉邮箱验证码:235672
2025-07-29 16:13:21,244 - INFO - 验证码是:235672
2025-07-29 16:13:22,283 - INFO - {'success': True, 'data': {'token': 'b22815ea2f97b22204c32d4c7756133a', 'is_admin': 0, 'auth_data': 'eyJ0eXAiOiJKV1QiLCJhbGciOiJIUzI1NiJ9.eyJpZCI6MzQ1NzEsInNlc3Npb24iOiJjMzI3OTFmYWI4N2MwZmZkMGY3ZGNhMzlmM2U5M2ZlNyJ9.m-QAYQaiHIJWS--aWYpCM_WMc0xgs_MKwxZHpAVYlDM'}}
2025-07-29 16:21:20,455 - INFO - 打开红杏 url
2025-07-29 16:21:21,651 - INFO - d1lianheh222
2025-07-29 16:21:22,644 - INFO - <ChromiumElement span id='«r1a»' class='relative text-foreground select-none text-small transition-colors-opacity before:transition-width motion-reduce:transition-none'>
2025-07-29 16:21:55,147 - INFO - 连接网易服务器
2025-07-29 16:21:55,147 - INFO - 发送command命令
2025-07-29 16:21:55,587 - INFO - 登录邮箱服务器
2025-07-29 16:21:55,766 - INFO - 检查收件箱
2025-07-29 16:21:56,405 - INFO - 共找到 244 封邮件
2025-07-29 16:21:58,369 - INFO - 获取邮箱字节数据
2025-07-29 16:21:58,369 - INFO - 原始主题: =?utf-8?Q?=E7=B4=85=E8=91=89=E9=82=AE=E7=AE=B1?=
 =?utf-8?Q?=E9=AA=8C=E8=AF=81=E7=A0=81=3A417638?=
2025-07-29 16:21:58,493 - INFO - 解码后主题: 紅葉邮箱验证码:417638
2025-07-29 16:21:58,493 - INFO - 验证码是:417638
2025-07-29 16:21:59,470 - INFO - {'success': True, 'data': {'token': 'a3e3836225210017851e607206b80814', 'is_admin': 0, 'auth_data': 'eyJ0eXAiOiJKV1QiLCJhbGciOiJIUzI1NiJ9.eyJpZCI6MzQ1NzMsInNlc3Npb24iOiI5MmIyMWRjMTZiODJmYTZlZTE1ZmZiNTNjOGM4NWQ0YSJ9.d6ZnP80MPFJqRqvBHd6WGVqHquGUdGTwR-s6irQ4MFE'}}
2025-07-30 08:59:30,423 - INFO - 打开红杏 url
2025-07-30 08:59:33,310 - INFO - c1ping2323
2025-07-30 08:59:34,634 - INFO - <ChromiumElement span id='«r1a»' class='relative text-foreground select-none text-small transition-colors-opacity before:transition-width motion-reduce:transition-none'>
2025-07-30 09:00:11,374 - INFO - 连接网易服务器
2025-07-30 09:00:11,374 - INFO - 发送command命令
2025-07-30 09:00:11,994 - INFO - 登录邮箱服务器
2025-07-30 09:00:12,233 - INFO - 检查收件箱
2025-07-30 09:00:12,473 - INFO - 共找到 244 封邮件
2025-07-30 09:00:14,872 - INFO - 获取邮箱字节数据
2025-07-30 09:00:14,872 - INFO - 原始主题: =?utf-8?Q?=E7=B4=85=E8=91=89=E9=82=AE=E7=AE=B1?=
 =?utf-8?Q?=E9=AA=8C=E8=AF=81=E7=A0=81=3A288631?=
2025-07-30 09:00:14,876 - INFO - 解码后主题: 紅葉邮箱验证码:288631
2025-07-30 09:00:14,877 - INFO - 验证码是:288631
2025-07-30 09:00:16,401 - INFO - {'success': True, 'data': {'token': 'b9ae87f7b41a4167ae0d141f53bce60c', 'is_admin': 0, 'auth_data': 'eyJ0eXAiOiJKV1QiLCJhbGciOiJIUzI1NiJ9.eyJpZCI6MzQ2OTEsInNlc3Npb24iOiI3OGM2NDAwYjVmZTVmNzI3MmE4N2IyNTBhNzgzMjc5MiJ9.Q54FRicVVCf2uJXgUeuk8pFiWY2Fzg2VqDNZj7Z3OQc'}}
2025-07-31 20:34:36,104 - INFO - 打开红杏 url
2025-07-31 20:34:37,970 - INFO - d1bimjjj22
2025-07-31 20:34:38,701 - INFO - <ChromiumElement span id='«r1a»' class='relative text-foreground select-none text-small transition-colors-opacity before:transition-width motion-reduce:transition-none'>
2025-07-31 20:35:11,403 - INFO - 连接网易服务器
2025-07-31 20:35:11,403 - INFO - 发送command命令
2025-07-31 20:35:11,840 - INFO - 登录邮箱服务器
2025-07-31 20:35:12,027 - INFO - 检查收件箱
2025-07-31 20:35:12,215 - INFO - 共找到 260 封邮件
2025-07-31 20:35:14,013 - INFO - 获取邮箱字节数据
2025-07-31 20:35:14,013 - INFO - 原始主题: =?utf-8?Q?=E7=B4=85=E8=91=89=E9=82=AE=E7=AE=B1?=
 =?utf-8?Q?=E9=AA=8C=E8=AF=81=E7=A0=81=3A549079?=
2025-07-31 20:35:14,015 - INFO - 解码后主题: 紅葉邮箱验证码:549079
2025-07-31 20:35:14,015 - INFO - 验证码是:549079
2025-07-31 20:35:14,861 - INFO - {'success': False, 'data': '该邮箱已被注册'}
2025-08-01 09:06:23,047 - INFO - 打开红杏 url
2025-08-01 09:06:24,660 - INFO - c1gfgh66
2025-08-01 09:06:26,156 - INFO - <ChromiumElement span id='«r1a»' class='relative text-foreground select-none text-small transition-colors-opacity before:transition-width motion-reduce:transition-none'>
2025-08-01 09:06:58,656 - INFO - 连接网易服务器
2025-08-01 09:06:58,656 - INFO - 发送command命令
2025-08-01 09:06:59,145 - INFO - 登录邮箱服务器
2025-08-01 09:06:59,340 - INFO - 检查收件箱
2025-08-01 09:06:59,540 - INFO - 共找到 265 封邮件
2025-08-01 09:07:03,292 - INFO - 获取邮箱字节数据
2025-08-01 09:07:03,292 - INFO - 原始主题: =?utf-8?Q?=E7=B4=85=E8=91=89=E9=82=AE=E7=AE=B1?=
 =?utf-8?Q?=E9=AA=8C=E8=AF=81=E7=A0=81=3A898751?=
2025-08-01 09:07:03,295 - INFO - 解码后主题: 紅葉邮箱验证码:898751
2025-08-01 09:07:03,295 - INFO - 验证码是:898751
2025-08-01 09:07:04,911 - INFO - {'success': True, 'data': {'token': '0c25eb6be9ff98bb418df5265489d640', 'is_admin': 0, 'auth_data': 'eyJ0eXAiOiJKV1QiLCJhbGciOiJIUzI1NiJ9.eyJpZCI6MzUwMzcsInNlc3Npb24iOiI1YzhjNDEwZDdmOWUxOGUyMDMxOGVhZTFhNzBkZjQxMiJ9.D-VwYx2_dk22N2m32BRItwPQu7iWemTJ4ZOS5CG2LhM'}}
2025-08-02 08:56:38,129 - INFO - 打开红杏 url
2025-08-02 08:56:40,333 - INFO - d1tyuytgh67
2025-08-02 08:56:41,689 - INFO - <ChromiumElement span id='«r1a»' class='relative text-foreground select-none text-small transition-colors-opacity before:transition-width motion-reduce:transition-none'>
2025-08-02 08:57:14,568 - INFO - 连接网易服务器
2025-08-02 08:57:14,569 - INFO - 发送command命令
2025-08-02 08:57:15,001 - INFO - 登录邮箱服务器
2025-08-02 08:57:15,175 - INFO - 检查收件箱
2025-08-02 08:57:15,345 - INFO - 共找到 268 封邮件
2025-08-02 08:57:18,798 - INFO - 获取邮箱字节数据
2025-08-02 08:57:18,798 - INFO - 原始主题: =?utf-8?Q?=E7=B4=85=E8=91=89=E9=82=AE=E7=AE=B1?=
 =?utf-8?Q?=E9=AA=8C=E8=AF=81=E7=A0=81=3A695524?=
2025-08-02 08:57:18,801 - INFO - 解码后主题: 紅葉邮箱验证码:695524
2025-08-02 08:57:18,801 - INFO - 验证码是:695524
2025-08-02 08:57:19,785 - INFO - {'success': True, 'data': {'token': '8a2944ddc66b90113558a06a3efddd4f', 'is_admin': 0, 'auth_data': 'eyJ0eXAiOiJKV1QiLCJhbGciOiJIUzI1NiJ9.eyJpZCI6MzUxMjAsInNlc3Npb24iOiJiYmI2YTg5ZDYxMTJlYmI2NjcyYTY4ZDkwMzY2YTMxNSJ9.S37kMxI0meyX8FBvVQn7ChizeyQUuiZ2JoCQgPv2I80'}}
2025-08-03 09:05:07,975 - INFO - 打开红杏 url
2025-08-03 09:05:10,404 - INFO - c1tryu55
2025-08-03 09:05:11,365 - INFO - <ChromiumElement span id='«r1a»' class='relative text-foreground select-none text-small transition-colors-opacity before:transition-width motion-reduce:transition-none'>
2025-08-03 09:05:44,366 - INFO - 连接网易服务器
2025-08-03 09:05:44,367 - INFO - 发送command命令
2025-08-03 09:05:44,842 - INFO - 登录邮箱服务器
2025-08-03 09:05:45,038 - INFO - 检查收件箱
2025-08-03 09:05:45,232 - INFO - 共找到 273 封邮件
2025-08-03 09:05:47,213 - INFO - 获取邮箱字节数据
2025-08-03 09:05:47,214 - INFO - 原始主题: =?utf-8?Q?=E7=B4=85=E8=91=89=E9=82=AE=E7=AE=B1?=
 =?utf-8?Q?=E9=AA=8C=E8=AF=81=E7=A0=81=3A240303?=
2025-08-03 09:05:47,216 - INFO - 解码后主题: 紅葉邮箱验证码:240303
2025-08-03 09:05:47,217 - INFO - 验证码是:240303
2025-08-03 09:05:48,295 - INFO - {'success': True, 'data': {'token': '509e271b4f4563f8aa0391eafe72b6d3', 'is_admin': 0, 'auth_data': 'eyJ0eXAiOiJKV1QiLCJhbGciOiJIUzI1NiJ9.eyJpZCI6MzUyMjIsInNlc3Npb24iOiIxMDYwNDM1Njg3ZTk2YWY5MTBhY2RjMmMxMzlhZGJiYiJ9.9Z23H-9XxIoqi5kEPnu6iuGkY7s65jEEgFOv1iwVFKs'}}
2025-08-04 09:04:02,498 - INFO - 打开红杏 url
2025-08-04 09:04:04,431 - INFO - d1tyutr67
2025-08-04 09:04:06,502 - INFO - <ChromiumElement span id='«r1a»' class='relative text-foreground select-none text-small transition-colors-opacity before:transition-width motion-reduce:transition-none'>
2025-08-04 09:04:40,749 - INFO - 连接网易服务器
2025-08-04 09:04:40,750 - INFO - 发送command命令
2025-08-04 09:04:41,310 - INFO - 登录邮箱服务器
2025-08-04 09:04:41,548 - INFO - 检查收件箱
2025-08-04 09:04:41,782 - INFO - 共找到 278 封邮件
2025-08-04 09:04:44,204 - INFO - 获取邮箱字节数据
2025-08-04 09:04:44,204 - INFO - 原始主题: =?utf-8?Q?=E7=B4=85=E8=91=89=E9=82=AE=E7=AE=B1?=
 =?utf-8?Q?=E9=AA=8C=E8=AF=81=E7=A0=81=3A371971?=
2025-08-04 09:04:44,206 - INFO - 解码后主题: 紅葉邮箱验证码:371971
2025-08-04 09:04:44,206 - INFO - 验证码是:371971
2025-08-04 09:04:45,520 - INFO - {'success': True, 'data': {'token': 'ebc5bafc698c8f42a3e871e2a41b47e4', 'is_admin': 0, 'auth_data': 'eyJ0eXAiOiJKV1QiLCJhbGciOiJIUzI1NiJ9.eyJpZCI6MzUzMTEsInNlc3Npb24iOiIwZGYxODcwMTU5NmQ1ZmFmNWVkYjcyMDc0MjdmZDc1MSJ9.Unpnuw7Am4RJuw-n4m2zEY60JGdewcImJ-3269NaYio'}}
2025-08-05 09:00:57,582 - INFO - 打开红杏 url
2025-08-05 09:01:00,067 - INFO - c13453main
2025-08-05 09:01:01,128 - INFO - <ChromiumElement span id='«r1a»' class='relative text-foreground select-none text-small transition-colors-opacity before:transition-width motion-reduce:transition-none'>
2025-08-05 09:01:35,364 - INFO - 连接网易服务器
2025-08-05 09:01:35,364 - INFO - 发送command命令
2025-08-05 09:01:35,881 - INFO - 登录邮箱服务器
2025-08-05 09:01:36,128 - INFO - 检查收件箱
2025-08-05 09:01:36,355 - INFO - 共找到 282 封邮件
2025-08-05 09:01:38,781 - INFO - 获取邮箱字节数据
2025-08-05 09:01:38,781 - INFO - 原始主题: =?utf-8?Q?=E7=B4=85=E8=91=89=E9=82=AE=E7=AE=B1?=
 =?utf-8?Q?=E9=AA=8C=E8=AF=81=E7=A0=81=3A383019?=
2025-08-05 09:01:38,784 - INFO - 解码后主题: 紅葉邮箱验证码:383019
2025-08-05 09:01:38,784 - INFO - 验证码是:383019
2025-08-05 09:01:40,481 - INFO - {'success': True, 'data': {'token': '5f0a58735da47eae35a895bdc1efc2c0', 'is_admin': 0, 'auth_data': 'eyJ0eXAiOiJKV1QiLCJhbGciOiJIUzI1NiJ9.eyJpZCI6MzU0MTIsInNlc3Npb24iOiIwOGY2ZGYzY2YwMmUzMzZiMjg1ZGNiNTE0NjMwZDQ4MiJ9.uX7lx2llMbz8n-5stL6nxNG8Gbfpe612HaERKJCcb0I'}}
2025-08-06 08:59:40,912 - INFO - 打开红杏 url
2025-08-06 08:59:42,990 - INFO - d1cepiong3
2025-08-06 08:59:43,720 - INFO - <ChromiumElement span id='«r1a»' class='relative text-foreground select-none text-small transition-colors-opacity before:transition-width motion-reduce:transition-none'>
2025-08-06 09:00:18,256 - INFO - 连接网易服务器
2025-08-06 09:00:18,256 - INFO - 发送command命令
2025-08-06 09:00:18,818 - INFO - 登录邮箱服务器
2025-08-06 09:00:19,079 - INFO - 检查收件箱
2025-08-06 09:00:19,314 - INFO - 共找到 288 封邮件
2025-08-06 09:00:22,201 - INFO - 获取邮箱字节数据
2025-08-06 09:00:22,202 - INFO - 原始主题: =?utf-8?Q?=E7=B4=85=E8=91=89=E9=82=AE=E7=AE=B1?=
 =?utf-8?Q?=E9=AA=8C=E8=AF=81=E7=A0=81=3A704078?=
2025-08-06 09:00:22,204 - INFO - 解码后主题: 紅葉邮箱验证码:704078
2025-08-06 09:00:22,204 - INFO - 验证码是:704078
2025-08-06 09:00:23,488 - INFO - {'success': True, 'data': {'token': 'be137bef0a755cf7424a78ebb5cf4adc', 'is_admin': 0, 'auth_data': 'eyJ0eXAiOiJKV1QiLCJhbGciOiJIUzI1NiJ9.eyJpZCI6MzU1MTcsInNlc3Npb24iOiI0MDM5NjEwY2U1YzhlNTc2MTAzOTllNmNjODI5YTIzNCJ9.kafTreZS20qaFaTp-mvLPQV5mVD-MRHx7psQRSNgQ4w'}}
2025-08-07 09:00:07,917 - INFO - 打开红杏 url
2025-08-07 09:00:09,704 - INFO - c1thrfthf78
2025-08-07 09:00:11,298 - INFO - <ChromiumElement span id='«r1a»' class='relative text-foreground select-none text-small transition-colors-opacity before:transition-width motion-reduce:transition-none'>
2025-08-07 09:00:44,349 - INFO - 连接网易服务器
2025-08-07 09:00:44,350 - INFO - 发送command命令
2025-08-07 09:00:44,768 - INFO - 登录邮箱服务器
2025-08-07 09:00:44,982 - INFO - 检查收件箱
2025-08-07 09:00:45,175 - INFO - 共找到 290 封邮件
2025-08-07 09:00:47,219 - INFO - 获取邮箱字节数据
2025-08-07 09:00:47,219 - INFO - 原始主题: =?utf-8?Q?=E7=B4=85=E8=91=89=E9=82=AE=E7=AE=B1?=
 =?utf-8?Q?=E9=AA=8C=E8=AF=81=E7=A0=81=3A724665?=
2025-08-07 09:00:47,221 - INFO - 解码后主题: 紅葉邮箱验证码:724665
2025-08-07 09:00:47,222 - INFO - 验证码是:724665
2025-08-07 09:00:49,643 - INFO - {'success': True, 'data': {'token': '3a5e8a85d850ce27ccaccc6202a9fcae', 'is_admin': 0, 'auth_data': 'eyJ0eXAiOiJKV1QiLCJhbGciOiJIUzI1NiJ9.eyJpZCI6MzU2MzIsInNlc3Npb24iOiJlNGM2YjNmYTcwZWJjYThkYWE5MzRmNzYzZWEyM2JjMCJ9.suGNHhcMKwtJMazZFlWIi9VmfU7vPi6cruGa_IhNlFk'}}
2025-08-07 21:16:30,918 - INFO - 打开红杏 url
2025-08-07 21:16:32,232 - INFO - d1yi789uj
2025-08-07 21:16:33,171 - INFO - <ChromiumElement span id='«r1a»' class='relative text-foreground select-none text-small transition-colors-opacity before:transition-width motion-reduce:transition-none'>
2025-08-07 21:17:05,080 - INFO - 连接网易服务器
2025-08-07 21:17:05,080 - INFO - 发送command命令
2025-08-07 21:17:05,666 - INFO - 登录邮箱服务器
2025-08-07 21:17:05,905 - INFO - 检查收件箱
2025-08-07 21:17:06,142 - INFO - 共找到 295 封邮件
2025-08-07 21:17:08,539 - INFO - 获取邮箱字节数据
2025-08-07 21:17:08,539 - INFO - 原始主题: =?utf-8?Q?=E7=B4=85=E8=91=89=E9=82=AE=E7=AE=B1?=
 =?utf-8?Q?=E9=AA=8C=E8=AF=81=E7=A0=81=3A683160?=
2025-08-07 21:17:08,548 - INFO - 解码后主题: 紅葉邮箱验证码:683160
2025-08-07 21:17:08,549 - INFO - 验证码是:683160
2025-08-07 21:17:09,274 - INFO - {'success': True, 'data': {'token': '857149fd5052697b9548a55bfd1b2b55', 'is_admin': 0, 'auth_data': 'eyJ0eXAiOiJKV1QiLCJhbGciOiJIUzI1NiJ9.eyJpZCI6MzU3MDAsInNlc3Npb24iOiI5OWRlY2RhNTNkYmFhM2Q5NDA4MDBjNTY0Zjc2NjEyOCIsImlhdCI6MTc1NDU3MjYyOSwiZXhwIjoxNzU0NTk0MjI5fQ.nwhQWv1pysfqN4gHoINw0JWvcyvsdXrG2WW-kxbv_GM'}}
2025-08-08 08:59:52,422 - INFO - 打开红杏 url
2025-08-08 08:59:53,806 - INFO - c1tytrf33
2025-08-08 08:59:54,650 - INFO - <ChromiumElement span id='«r1a»' class='relative text-foreground select-none text-small transition-colors-opacity before:transition-width motion-reduce:transition-none'>
2025-08-08 09:00:26,545 - INFO - 连接网易服务器
2025-08-08 09:00:26,545 - INFO - 发送command命令
2025-08-08 09:00:27,143 - INFO - 登录邮箱服务器
2025-08-08 09:00:27,425 - INFO - 检查收件箱
2025-08-08 09:00:27,682 - INFO - 共找到 293 封邮件
2025-08-08 09:00:30,345 - INFO - 获取邮箱字节数据
2025-08-08 09:00:30,346 - INFO - 原始主题: =?utf-8?Q?=E7=B4=85=E8=91=89=E9=82=AE=E7=AE=B1?=
 =?utf-8?Q?=E9=AA=8C=E8=AF=81=E7=A0=81=3A608600?=
2025-08-08 09:00:30,354 - INFO - 解码后主题: 紅葉邮箱验证码:608600
2025-08-08 09:00:30,354 - INFO - 验证码是:608600
2025-08-08 09:00:31,128 - INFO - {'success': True, 'data': {'token': 'd0760cb6ef2a5610431e3f2b7192c98c', 'is_admin': 0, 'auth_data': 'eyJ0eXAiOiJKV1QiLCJhbGciOiJIUzI1NiJ9.eyJpZCI6MzU3NTQsInNlc3Npb24iOiJhNjE5MzU4YzY2NzI1YzE5NGY3ODhlNWU3OTg4ZGI3OSIsImlhdCI6MTc1NDYxNDgzMCwiZXhwIjoxNzU0NjM2NDMwfQ._QFs9riViFhMS1RV9luGpLmVfIPqZM2mxft02GQJWwg'}}
2025-08-09 08:54:57,005 - INFO - 打开红杏 url
2025-08-09 08:54:59,468 - INFO - d1tyuyt778
2025-08-09 08:55:01,393 - INFO - <ChromiumElement span id='«r1a»' class='relative text-foreground select-none text-small transition-colors-opacity before:transition-width motion-reduce:transition-none'>
2025-08-09 08:55:32,817 - INFO - 连接网易服务器
2025-08-09 08:55:32,817 - INFO - 发送command命令
2025-08-09 08:55:33,315 - INFO - 登录邮箱服务器
2025-08-09 08:55:33,519 - INFO - 检查收件箱
2025-08-09 08:55:33,721 - INFO - 共找到 286 封邮件
2025-08-09 08:55:35,807 - INFO - 获取邮箱字节数据
2025-08-09 08:55:35,807 - INFO - 原始主题: =?utf-8?Q?=E7=B4=85=E8=91=89=E9=82=AE=E7=AE=B1?=
 =?utf-8?Q?=E9=AA=8C=E8=AF=81=E7=A0=81=3A476182?=
2025-08-09 08:55:35,899 - INFO - 解码后主题: 紅葉邮箱验证码:476182
2025-08-09 08:55:35,900 - INFO - 验证码是:476182
2025-08-09 08:55:36,610 - INFO - {'success': True, 'data': {'token': '680e3161c339d999104f0e6e5ecd0499', 'is_admin': 0, 'auth_data': 'eyJ0eXAiOiJKV1QiLCJhbGciOiJIUzI1NiJ9.eyJpZCI6MzU5MTEsInNlc3Npb24iOiJlZjNmZDc5Mjk0MWRlY2NlMmNlNGQwOWRlNmIxZDZmOSIsImlhdCI6MTc1NDcwMDkzNiwiZXhwIjoxNzU0NzIyNTM2fQ.U3V0wZOfjwLQx4RUfA23c2k_qoEBXrTNc_aprr_e0qY'}}
2025-08-10 09:03:08,673 - INFO - 打开红杏 url
2025-08-10 09:03:10,178 - INFO - e1fghfgdhf55
2025-08-10 09:03:11,368 - INFO - <ChromiumElement span id='«r1a»' class='relative text-foreground select-none text-small transition-colors-opacity before:transition-width motion-reduce:transition-none'>
2025-08-10 09:03:43,072 - INFO - 连接网易服务器
2025-08-10 09:03:43,073 - INFO - 发送command命令
2025-08-10 09:03:43,555 - INFO - 登录邮箱服务器
2025-08-10 09:03:43,775 - INFO - 检查收件箱
2025-08-10 09:03:43,979 - INFO - 共找到 252 封邮件
2025-08-10 09:03:46,016 - INFO - 获取邮箱字节数据
2025-08-10 09:03:46,017 - INFO - 原始主题: =?utf-8?Q?=E7=B4=85=E8=91=89=E9=82=AE=E7=AE=B1?=
 =?utf-8?Q?=E9=AA=8C=E8=AF=81=E7=A0=81=3A930356?=
2025-08-10 09:03:46,084 - INFO - 解码后主题: 紅葉邮箱验证码:930356
2025-08-10 09:03:46,084 - INFO - 验证码是:930356
2025-08-10 09:03:47,037 - INFO - {'success': True, 'data': {'token': '94e6b84821f107391018413b4552ca5e', 'is_admin': 0, 'auth_data': 'eyJ0eXAiOiJKV1QiLCJhbGciOiJIUzI1NiJ9.eyJpZCI6MzYwNTMsInNlc3Npb24iOiI2OGM2N2IzYzQ5MzNkNjQwZGIyMWU3Mjk3NjNjZmNhMSIsImlhdCI6MTc1NDc4NzgyNiwiZXhwIjoxNzU0ODA5NDI2fQ.ALx-gSlaeEG0XfZxDSAEU6iNsyOBDAQsmxVHsRipG6Q'}}
2025-08-11 09:00:41,119 - INFO - 打开红杏 url
2025-08-11 09:00:43,092 - INFO - f1tyupoi88
2025-08-11 09:00:43,545 - INFO - <ChromiumElement span id='«r1m»' class='relative text-foreground select-none text-small transition-colors-opacity before:transition-width motion-reduce:transition-none'>
2025-08-11 09:01:15,150 - INFO - 连接网易服务器
2025-08-11 09:01:15,150 - INFO - 发送command命令
2025-08-11 09:01:15,665 - INFO - 登录邮箱服务器
2025-08-11 09:01:15,877 - INFO - 检查收件箱
2025-08-11 09:01:16,086 - INFO - 共找到 233 封邮件
2025-08-11 09:01:18,187 - INFO - 获取邮箱字节数据
2025-08-11 09:01:18,187 - INFO - 原始主题: =?utf-8?Q?=E7=B4=85=E8=91=89=E9=82=AE=E7=AE=B1?=
 =?utf-8?Q?=E9=AA=8C=E8=AF=81=E7=A0=81=3A937744?=
2025-08-11 09:01:18,220 - INFO - 解码后主题: 紅葉邮箱验证码:937744
2025-08-11 09:01:18,220 - INFO - 验证码是:937744
2025-08-11 09:01:18,814 - INFO - {'success': True, 'data': {'token': '578d0b1195c16413fe9ea8acf860b1aa', 'is_admin': 0, 'auth_data': 'eyJ0eXAiOiJKV1QiLCJhbGciOiJIUzI1NiJ9.eyJpZCI6MzYyMDAsInNlc3Npb24iOiI2OTQxNmFiOGE4ODQ2ZDc2ZDlmYmMwMjM0ZjNlM2ZhZSIsImlhdCI6MTc1NDg3NDA3OCwiZXhwIjoxNzU0ODk1Njc4fQ.eji8J7hWM3K7fN06cyUpUOHyiJo-wifhgihnbBOWqUo'}}
2025-08-12 08:54:55,428 - INFO - 打开红杏 url
2025-08-12 08:54:57,476 - INFO - e1jiaohuan2
2025-08-12 08:54:59,061 - INFO - <ChromiumElement span id='«r1a»' class='relative text-foreground select-none text-small transition-colors-opacity before:transition-width motion-reduce:transition-none'>
2025-08-12 08:55:31,124 - INFO - 连接网易服务器
2025-08-12 08:55:31,124 - INFO - 发送command命令
2025-08-12 08:55:31,679 - INFO - 登录邮箱服务器
2025-08-12 08:55:31,946 - INFO - 检查收件箱
2025-08-12 08:55:32,184 - INFO - 共找到 237 封邮件
2025-08-12 08:55:34,593 - INFO - 获取邮箱字节数据
2025-08-12 08:55:34,594 - INFO - 原始主题: =?utf-8?Q?=E7=B4=85=E8=91=89=E9=82=AE=E7=AE=B1?=
 =?utf-8?Q?=E9=AA=8C=E8=AF=81=E7=A0=81=3A586455?=
2025-08-12 08:55:34,647 - INFO - 解码后主题: 紅葉邮箱验证码:586455
2025-08-12 08:55:34,647 - INFO - 验证码是:586455
2025-08-12 08:55:35,462 - INFO - {'success': True, 'data': {'token': '317a86982c1413d94565831cbef33c1d', 'is_admin': 0, 'auth_data': 'eyJ0eXAiOiJKV1QiLCJhbGciOiJIUzI1NiJ9.eyJpZCI6MzYzNTUsInNlc3Npb24iOiJkZWY1MzE3MGE0MjU5MDVlYTIxNTY4NDU3ZjQ5MGM0YSIsImlhdCI6MTc1NDk2MDEzNSwiZXhwIjoxNzU0OTgxNzM1fQ.Ee5JB7WWJQvukxWEKY-tG4kGsG4M8QwBu0Komro-pEA'}}
2025-08-13 08:55:56,019 - INFO - 打开红杏 url
2025-08-13 08:55:57,747 - INFO - f1yusheng3
2025-08-13 08:55:58,625 - INFO - <ChromiumElement span id='«r1a»' class='relative text-foreground select-none text-small transition-colors-opacity before:transition-width motion-reduce:transition-none'>
2025-08-13 08:56:30,296 - INFO - 连接网易服务器
2025-08-13 08:56:30,297 - INFO - 发送command命令
2025-08-13 08:56:30,848 - INFO - 登录邮箱服务器
2025-08-13 08:56:31,051 - INFO - 检查收件箱
2025-08-13 08:56:31,258 - INFO - 共找到 237 封邮件
2025-08-13 08:56:33,368 - INFO - 获取邮箱字节数据
2025-08-13 08:56:33,369 - INFO - 原始主题: =?utf-8?Q?=E7=B4=85=E8=91=89=E9=82=AE=E7=AE=B1?=
 =?utf-8?Q?=E9=AA=8C=E8=AF=81=E7=A0=81=3A266789?=
2025-08-13 08:56:33,381 - INFO - 解码后主题: 紅葉邮箱验证码:266789
2025-08-13 08:56:33,382 - INFO - 验证码是:266789
2025-08-13 08:56:34,374 - INFO - {'success': True, 'data': {'token': '927a8f5638ac2ff9763c7cbb234ad8a5', 'is_admin': 0, 'auth_data': 'eyJ0eXAiOiJKV1QiLCJhbGciOiJIUzI1NiJ9.eyJpZCI6MzY1MjMsInNlc3Npb24iOiIwMTdkYTAzNjM3Mzk5NmEyYjhlNDIwMGEwYzYyMmNjMyIsImlhdCI6MTc1NTA0NjU5NCwiZXhwIjoxNzU1MDY4MTk0fQ.OLdWVtvj50Tx09LO3tdVTzX-Sw1csMUTC95DYbU55uc'}}
2025-08-24 21:19:36,307 - INFO - 打开红杏 url
2025-08-24 21:19:41,194 - INFO - e1main22
2025-08-24 21:19:41,983 - INFO - <ChromiumElement span id='«r1a»' class='relative text-foreground select-none text-small transition-colors-opacity before:transition-width motion-reduce:transition-none'>
2025-08-24 21:20:15,172 - INFO - 连接网易服务器
2025-08-24 21:20:15,173 - INFO - 发送command命令
2025-08-24 21:20:15,600 - INFO - 登录邮箱服务器
2025-08-24 21:20:15,778 - INFO - 检查收件箱
2025-08-24 21:20:15,954 - INFO - 共找到 190 封邮件
2025-08-24 21:20:18,608 - INFO - 获取邮箱字节数据
2025-08-24 21:20:18,609 - INFO - 原始主题: =?utf-8?Q?=E7=B4=85=E6=9D=8F=2Eco=E9=82=AE=E7=AE=B1=E9=AA=8C?=
 =?utf-8?Q?=E8=AF=81=E7=A0=81=3A309282?=
2025-08-24 21:20:18,613 - INFO - 解码后主题: 紅杏.co邮箱验证码:309282
2025-08-24 21:20:18,614 - INFO - 验证码是:309282
2025-08-24 21:20:19,890 - INFO - {'success': False, 'data': '邮箱验证码有误'}
