2026-05-10 22:40:43,422 - INFO - 打开千速 url
2026-05-10 22:40:47,387 - INFO - 注册邮箱：0176462232
2026-05-10 22:40:47,388 - INFO - 0176462232
2026-05-10 22:40:48,604 - INFO - <ChromiumElement input data-v-5be4bd1c='' type='text' id='emailPrefix' class='form-control' placeholder='Enter email prefix' required=''>
2026-05-10 22:40:56,139 - INFO - 
2026-05-10 22:43:44,443 - INFO - 打开千速 url
2026-05-10 22:43:47,994 - INFO - 注册邮箱：9578031297
2026-05-10 22:43:47,994 - INFO - 9578031297
2026-05-10 22:43:49,260 - INFO - <ChromiumElement input data-v-5be4bd1c='' type='text' id='emailPrefix' class='form-control' placeholder='Enter email prefix' required=''>
2026-05-10 22:43:56,489 - INFO - 
2026-05-10 22:48:40,870 - INFO - 打开千速 url
2026-05-10 22:48:44,752 - INFO - 注册邮箱：1999050788
2026-05-10 22:48:44,753 - INFO - 1999050788
2026-05-10 22:48:45,832 - INFO - <ChromiumElement input data-v-5be4bd1c='' type='text' id='emailPrefix' class='form-control' placeholder='Enter email prefix' required=''>
2026-05-10 22:48:55,249 - INFO - 
2026-05-10 22:57:21,603 - INFO - 打开千速 url
2026-05-10 22:57:24,878 - INFO - 注册邮箱：2719787377
2026-05-10 22:57:24,878 - INFO - 2719787377
2026-05-10 22:57:25,891 - INFO - <ChromiumElement input data-v-5be4bd1c='' type='text' id='emailPrefix' class='form-control' placeholder='Enter email prefix' required=''>
2026-05-10 22:57:32,857 - INFO - 
2026-05-10 22:57:35,146 - INFO - 
2026-05-10 23:35:34,323 - INFO - 打开千速 url
2026-05-10 23:35:37,839 - INFO - 注册邮箱：1613884488
2026-05-10 23:35:37,839 - INFO - 1613884488
2026-05-10 23:35:39,030 - INFO - <ChromiumElement input data-v-5be4bd1c='' type='text' id='emailPrefix' class='form-control' placeholder='Enter email prefix' required=''>
2026-05-10 23:35:45,299 - INFO - <ChromiumElement div data-v-348b5c82='' class='import-title'>
2026-05-10 23:39:19,715 - INFO - 打开千速 url
2026-05-10 23:39:25,016 - INFO - 注册邮箱：2203999907
2026-05-10 23:39:25,016 - INFO - 2203999907
2026-05-10 23:39:25,582 - INFO - <ChromiumElement input data-v-5be4bd1c='' type='text' id='emailPrefix' class='form-control' placeholder='Enter email prefix' required=''>
2026-05-10 23:39:31,887 - INFO - <ChromiumElement div data-v-348b5c82='' class='import-title'>
